[0.014s] Invoking command in '/home/pawo90/ros2_ws/piper_robot/build/robot_bringup': CMAKE_PREFIX_PATH=${CMAKE_PREFIX_PATH}:/home/pawo90/ros2_ws/concepts/install/topics_py_pkg:/opt/ros/jazzy DEBUGINFOD_URLS=https://debuginfod.ubuntu.com /usr/bin/cmake /home/pawo90/ros2_ws/piper_robot/src/robot_bringup -DCMAKE_INSTALL_PREFIX=/home/pawo90/ros2_ws/piper_robot/install/robot_bringup
[0.265s] -- The C compiler identification is GNU 13.3.0
[0.390s] -- The CXX compiler identification is GNU 13.3.0
[0.406s] -- Detecting C compiler ABI info
[0.482s] -- Detecting C compiler ABI info - done
[0.488s] -- Check for working C compiler: /usr/bin/cc - skipped
[0.488s] -- Detecting C compile features
[0.489s] -- Detecting C compile features - done
[0.495s] -- Detecting CXX compiler ABI info
[0.552s] -- Detecting CXX compiler ABI info - done
[0.558s] -- Check for working CXX compiler: /usr/bin/c++ - skipped
[0.558s] -- Detecting CXX compile features
[0.558s] -- Detecting CXX compile features - done
[0.569s] -- Found ament_cmake: 2.5.6 (/opt/ros/jazzy/share/ament_cmake/cmake)
[0.671s] -- Found Python3: /usr/bin/python3 (found version "3.12.3") found components: Interpreter 
[0.831s] -- Configuring done (0.8s)
[0.832s] -- Generating done (0.0s)
[0.834s] -- Build files have been written to: /home/pawo90/ros2_ws/piper_robot/build/robot_bringup
[0.838s] Invoked command in '/home/pawo90/ros2_ws/piper_robot/build/robot_bringup' returned '0': CMAKE_PREFIX_PATH=${CMAKE_PREFIX_PATH}:/home/pawo90/ros2_ws/concepts/install/topics_py_pkg:/opt/ros/jazzy DEBUGINFOD_URLS=https://debuginfod.ubuntu.com /usr/bin/cmake /home/pawo90/ros2_ws/piper_robot/src/robot_bringup -DCMAKE_INSTALL_PREFIX=/home/pawo90/ros2_ws/piper_robot/install/robot_bringup
[0.839s] Invoking command in '/home/pawo90/ros2_ws/piper_robot/build/robot_bringup': CMAKE_PREFIX_PATH=${CMAKE_PREFIX_PATH}:/home/pawo90/ros2_ws/concepts/install/topics_py_pkg:/opt/ros/jazzy DEBUGINFOD_URLS=https://debuginfod.ubuntu.com /usr/bin/cmake --build /home/pawo90/ros2_ws/piper_robot/build/robot_bringup -- -j16 -l16
[0.863s] Invoked command in '/home/pawo90/ros2_ws/piper_robot/build/robot_bringup' returned '0': CMAKE_PREFIX_PATH=${CMAKE_PREFIX_PATH}:/home/pawo90/ros2_ws/concepts/install/topics_py_pkg:/opt/ros/jazzy DEBUGINFOD_URLS=https://debuginfod.ubuntu.com /usr/bin/cmake --build /home/pawo90/ros2_ws/piper_robot/build/robot_bringup -- -j16 -l16
[0.870s] Invoking command in '/home/pawo90/ros2_ws/piper_robot/build/robot_bringup': CMAKE_PREFIX_PATH=${CMAKE_PREFIX_PATH}:/home/pawo90/ros2_ws/concepts/install/topics_py_pkg:/opt/ros/jazzy DEBUGINFOD_URLS=https://debuginfod.ubuntu.com /usr/bin/cmake --install /home/pawo90/ros2_ws/piper_robot/build/robot_bringup
[0.875s] -- Install configuration: ""
[0.875s] -- Installing: /home/pawo90/ros2_ws/piper_robot/install/robot_bringup/share/robot_bringup//config
[0.875s] -- Installing: /home/pawo90/ros2_ws/piper_robot/install/robot_bringup/share/robot_bringup//launch
[0.875s] -- Installing: /home/pawo90/ros2_ws/piper_robot/install/robot_bringup/share/robot_bringup//launch/robot.launch.py
[0.875s] -- Installing: /home/pawo90/ros2_ws/piper_robot/install/robot_bringup/share/robot_bringup//launch/robot.launch.xml
[0.876s] -- Installing: /home/pawo90/ros2_ws/piper_robot/install/robot_bringup/share/ament_index/resource_index/package_run_dependencies/robot_bringup
[0.876s] -- Installing: /home/pawo90/ros2_ws/piper_robot/install/robot_bringup/share/ament_index/resource_index/parent_prefix_path/robot_bringup
[0.876s] -- Installing: /home/pawo90/ros2_ws/piper_robot/install/robot_bringup/share/robot_bringup/environment/ament_prefix_path.sh
[0.876s] -- Installing: /home/pawo90/ros2_ws/piper_robot/install/robot_bringup/share/robot_bringup/environment/ament_prefix_path.dsv
[0.876s] -- Installing: /home/pawo90/ros2_ws/piper_robot/install/robot_bringup/share/robot_bringup/environment/path.sh
[0.876s] -- Installing: /home/pawo90/ros2_ws/piper_robot/install/robot_bringup/share/robot_bringup/environment/path.dsv
[0.876s] -- Installing: /home/pawo90/ros2_ws/piper_robot/install/robot_bringup/share/robot_bringup/local_setup.bash
[0.876s] -- Installing: /home/pawo90/ros2_ws/piper_robot/install/robot_bringup/share/robot_bringup/local_setup.sh
[0.876s] -- Installing: /home/pawo90/ros2_ws/piper_robot/install/robot_bringup/share/robot_bringup/local_setup.zsh
[0.876s] -- Installing: /home/pawo90/ros2_ws/piper_robot/install/robot_bringup/share/robot_bringup/local_setup.dsv
[0.876s] -- Installing: /home/pawo90/ros2_ws/piper_robot/install/robot_bringup/share/robot_bringup/package.dsv
[0.876s] -- Installing: /home/pawo90/ros2_ws/piper_robot/install/robot_bringup/share/ament_index/resource_index/packages/robot_bringup
[0.876s] -- Installing: /home/pawo90/ros2_ws/piper_robot/install/robot_bringup/share/robot_bringup/cmake/robot_bringupConfig.cmake
[0.876s] -- Installing: /home/pawo90/ros2_ws/piper_robot/install/robot_bringup/share/robot_bringup/cmake/robot_bringupConfig-version.cmake
[0.876s] -- Installing: /home/pawo90/ros2_ws/piper_robot/install/robot_bringup/share/robot_bringup/package.xml
[0.877s] Invoked command in '/home/pawo90/ros2_ws/piper_robot/build/robot_bringup' returned '0': CMAKE_PREFIX_PATH=${CMAKE_PREFIX_PATH}:/home/pawo90/ros2_ws/concepts/install/topics_py_pkg:/opt/ros/jazzy DEBUGINFOD_URLS=https://debuginfod.ubuntu.com /usr/bin/cmake --install /home/pawo90/ros2_ws/piper_robot/build/robot_bringup
