-- The C compiler identification is GNU 13.3.0
-- The CXX compiler identification is GNU 13.3.0
-- Detecting C compiler ABI info
-- Detecting C compiler ABI info - done
-- Check for working C compiler: /usr/bin/cc - skipped
-- Detecting C compile features
-- Detecting C compile features - done
-- Detecting CXX compiler ABI info
-- Detecting CXX compiler ABI info - done
-- Check for working CXX compiler: /usr/bin/c++ - skipped
-- Detecting CXX compile features
-- Detecting CXX compile features - done
-- Found ament_cmake: 2.5.6 (/opt/ros/jazzy/share/ament_cmake/cmake)
-- Found Python3: /usr/bin/python3 (found version "3.12.3") found components: Interpreter 
-- Found rclcpp: 28.1.18 (/opt/ros/jazzy/share/rclcpp/cmake)
-- Found rosidl_generator_c: 4.6.7 (/opt/ros/jazzy/share/rosidl_generator_c/cmake)
-- Found rosidl_generator_cpp: 4.6.7 (/opt/ros/jazzy/share/rosidl_generator_cpp/cmake)
-- Using all available rosidl_typesupport_c: rosidl_typesupport_fastrtps_c;rosidl_typesupport_introspection_c
-- Using all available rosidl_typesupport_cpp: rosidl_typesupport_fastrtps_cpp;rosidl_typesupport_introspection_cpp
-- Found rmw_implementation_cmake: 7.3.3 (/opt/ros/jazzy/share/rmw_implementation_cmake/cmake)
-- Found rmw_fastrtps_cpp: 8.4.3 (/opt/ros/jazzy/share/rmw_fastrtps_cpp/cmake)
-- Found OpenSSL: /usr/lib/x86_64-linux-gnu/libcrypto.so (found version "3.0.13")  
-- Found FastRTPS: /opt/ros/jazzy/include (Required is at least version "2.13") 
-- Using RMW implementation 'rmw_fastrtps_cpp' as default
-- Found sensor_msgs: 5.3.7 (/opt/ros/jazzy/share/sensor_msgs/cmake)
-- Found std_srvs: 5.3.7 (/opt/ros/jazzy/share/std_srvs/cmake)
-- Found moveit_msgs: 2.6.0 (/opt/ros/jazzy/share/moveit_msgs/cmake)
-- Found control_msgs: 5.9.0 (/opt/ros/jazzy/share/control_msgs/cmake)
-- Configuring done (1.4s)
-- Generating done (0.0s)
-- Build files have been written to: /home/pawo90/ros2_ws/piper_robot/build/robot_teleop
[ 50%] [32mBuilding CXX object CMakeFiles/joy_to_servo.dir/src/joy_to_servo.cpp.o[0m
[100%] [32m[1mLinking CXX executable joy_to_servo[0m
[100%] Built target joy_to_servo
-- Install configuration: ""
-- Installing: /home/pawo90/ros2_ws/piper_robot/install/robot_teleop/lib/robot_teleop/joy_to_servo
-- Set non-toolchain portion of runtime path of "/home/pawo90/ros2_ws/piper_robot/install/robot_teleop/lib/robot_teleop/joy_to_servo" to ""
-- Installing: /home/pawo90/ros2_ws/piper_robot/install/robot_teleop/share/robot_teleop//config
-- Installing: /home/pawo90/ros2_ws/piper_robot/install/robot_teleop/share/robot_teleop//include
-- Installing: /home/pawo90/ros2_ws/piper_robot/install/robot_teleop/share/robot_teleop//include/robot_teleop
-- Installing: /home/pawo90/ros2_ws/piper_robot/install/robot_teleop/share/robot_teleop//launch
-- Installing: /home/pawo90/ros2_ws/piper_robot/install/robot_teleop/share/robot_teleop//src
-- Installing: /home/pawo90/ros2_ws/piper_robot/install/robot_teleop/share/robot_teleop//src/joy_to_servo.cpp
-- Installing: /home/pawo90/ros2_ws/piper_robot/install/robot_teleop/share/ament_index/resource_index/package_run_dependencies/robot_teleop
-- Installing: /home/pawo90/ros2_ws/piper_robot/install/robot_teleop/share/ament_index/resource_index/parent_prefix_path/robot_teleop
-- Installing: /home/pawo90/ros2_ws/piper_robot/install/robot_teleop/share/robot_teleop/environment/ament_prefix_path.sh
-- Installing: /home/pawo90/ros2_ws/piper_robot/install/robot_teleop/share/robot_teleop/environment/ament_prefix_path.dsv
-- Installing: /home/pawo90/ros2_ws/piper_robot/install/robot_teleop/share/robot_teleop/environment/path.sh
-- Installing: /home/pawo90/ros2_ws/piper_robot/install/robot_teleop/share/robot_teleop/environment/path.dsv
-- Installing: /home/pawo90/ros2_ws/piper_robot/install/robot_teleop/share/robot_teleop/local_setup.bash
-- Installing: /home/pawo90/ros2_ws/piper_robot/install/robot_teleop/share/robot_teleop/local_setup.sh
-- Installing: /home/pawo90/ros2_ws/piper_robot/install/robot_teleop/share/robot_teleop/local_setup.zsh
-- Installing: /home/pawo90/ros2_ws/piper_robot/install/robot_teleop/share/robot_teleop/local_setup.dsv
-- Installing: /home/pawo90/ros2_ws/piper_robot/install/robot_teleop/share/robot_teleop/package.dsv
-- Installing: /home/pawo90/ros2_ws/piper_robot/install/robot_teleop/share/ament_index/resource_index/packages/robot_teleop
-- Installing: /home/pawo90/ros2_ws/piper_robot/install/robot_teleop/share/robot_teleop/cmake/robot_teleopConfig.cmake
-- Installing: /home/pawo90/ros2_ws/piper_robot/install/robot_teleop/share/robot_teleop/cmake/robot_teleopConfig-version.cmake
-- Installing: /home/pawo90/ros2_ws/piper_robot/install/robot_teleop/share/robot_teleop/package.xml
