[0.014s] Invoking command in '/home/pawo90/ros2_ws/piper_robot/build/robot_teleop': CMAKE_PREFIX_PATH=${CMAKE_PREFIX_PATH}:/home/pawo90/ros2_ws/concepts/install/topics_py_pkg:/opt/ros/jazzy DEBUGINFOD_URLS=https://debuginfod.ubuntu.com /usr/bin/cmake /home/pawo90/ros2_ws/piper_robot/src/robot_teleop -DCMAKE_INSTALL_PREFIX=/home/pawo90/ros2_ws/piper_robot/install/robot_teleop
[0.261s] -- The C compiler identification is GNU 13.3.0
[0.386s] -- The CXX compiler identification is GNU 13.3.0
[0.402s] -- Detecting C compiler ABI info
[0.482s] -- Detecting C compiler ABI info - done
[0.487s] -- Check for working C compiler: /usr/bin/cc - skipped
[0.487s] -- Detecting C compile features
[0.488s] -- Detecting C compile features - done
[0.492s] -- Detecting CXX compiler ABI info
[0.548s] -- Detecting CXX compiler ABI info - done
[0.553s] -- Check for working CXX compiler: /usr/bin/c++ - skipped
[0.553s] -- Detecting CXX compile features
[0.554s] -- Detecting CXX compile features - done
[0.565s] -- Found ament_cmake: 2.5.6 (/opt/ros/jazzy/share/ament_cmake/cmake)
[0.681s] -- Found Python3: /usr/bin/python3 (found version "3.12.3") found components: Interpreter 
[0.772s] -- Found rclcpp: 28.1.18 (/opt/ros/jazzy/share/rclcpp/cmake)
[0.823s] -- Found rosidl_generator_c: 4.6.7 (/opt/ros/jazzy/share/rosidl_generator_c/cmake)
[0.838s] -- Found rosidl_generator_cpp: 4.6.7 (/opt/ros/jazzy/share/rosidl_generator_cpp/cmake)
[0.861s] -- Using all available rosidl_typesupport_c: rosidl_typesupport_fastrtps_c;rosidl_typesupport_introspection_c
[0.883s] -- Using all available rosidl_typesupport_cpp: rosidl_typesupport_fastrtps_cpp;rosidl_typesupport_introspection_cpp
[0.972s] -- Found rmw_implementation_cmake: 7.3.3 (/opt/ros/jazzy/share/rmw_implementation_cmake/cmake)
[0.977s] -- Found rmw_fastrtps_cpp: 8.4.3 (/opt/ros/jazzy/share/rmw_fastrtps_cpp/cmake)
[1.060s] -- Found OpenSSL: /usr/lib/x86_64-linux-gnu/libcrypto.so (found version "3.0.13")  
[1.075s] -- Found FastRTPS: /opt/ros/jazzy/include (Required is at least version "2.13") 
[1.092s] -- Using RMW implementation 'rmw_fastrtps_cpp' as default
[1.167s] -- Found sensor_msgs: 5.3.7 (/opt/ros/jazzy/share/sensor_msgs/cmake)
[1.225s] -- Found std_srvs: 5.3.7 (/opt/ros/jazzy/share/std_srvs/cmake)
[1.244s] -- Found moveit_msgs: 2.6.0 (/opt/ros/jazzy/share/moveit_msgs/cmake)
[1.403s] -- Found control_msgs: 5.9.0 (/opt/ros/jazzy/share/control_msgs/cmake)
[1.484s] -- Configuring done (1.4s)
[1.493s] -- Generating done (0.0s)
[1.496s] -- Build files have been written to: /home/pawo90/ros2_ws/piper_robot/build/robot_teleop
[1.503s] Invoked command in '/home/pawo90/ros2_ws/piper_robot/build/robot_teleop' returned '0': CMAKE_PREFIX_PATH=${CMAKE_PREFIX_PATH}:/home/pawo90/ros2_ws/concepts/install/topics_py_pkg:/opt/ros/jazzy DEBUGINFOD_URLS=https://debuginfod.ubuntu.com /usr/bin/cmake /home/pawo90/ros2_ws/piper_robot/src/robot_teleop -DCMAKE_INSTALL_PREFIX=/home/pawo90/ros2_ws/piper_robot/install/robot_teleop
[1.504s] Invoking command in '/home/pawo90/ros2_ws/piper_robot/build/robot_teleop': CMAKE_PREFIX_PATH=${CMAKE_PREFIX_PATH}:/home/pawo90/ros2_ws/concepts/install/topics_py_pkg:/opt/ros/jazzy DEBUGINFOD_URLS=https://debuginfod.ubuntu.com /usr/bin/cmake --build /home/pawo90/ros2_ws/piper_robot/build/robot_teleop -- -j16 -l16
[1.541s] [ 50%] [32mBuilding CXX object CMakeFiles/joy_to_servo.dir/src/joy_to_servo.cpp.o[0m
[6.809s] [100%] [32m[1mLinking CXX executable joy_to_servo[0m
[7.199s] [100%] Built target joy_to_servo
[7.208s] Invoked command in '/home/pawo90/ros2_ws/piper_robot/build/robot_teleop' returned '0': CMAKE_PREFIX_PATH=${CMAKE_PREFIX_PATH}:/home/pawo90/ros2_ws/concepts/install/topics_py_pkg:/opt/ros/jazzy DEBUGINFOD_URLS=https://debuginfod.ubuntu.com /usr/bin/cmake --build /home/pawo90/ros2_ws/piper_robot/build/robot_teleop -- -j16 -l16
[7.208s] Invoking command in '/home/pawo90/ros2_ws/piper_robot/build/robot_teleop': CMAKE_PREFIX_PATH=${CMAKE_PREFIX_PATH}:/home/pawo90/ros2_ws/concepts/install/topics_py_pkg:/opt/ros/jazzy DEBUGINFOD_URLS=https://debuginfod.ubuntu.com /usr/bin/cmake --install /home/pawo90/ros2_ws/piper_robot/build/robot_teleop
[7.215s] -- Install configuration: ""
[7.215s] -- Installing: /home/pawo90/ros2_ws/piper_robot/install/robot_teleop/lib/robot_teleop/joy_to_servo
[7.217s] -- Set non-toolchain portion of runtime path of "/home/pawo90/ros2_ws/piper_robot/install/robot_teleop/lib/robot_teleop/joy_to_servo" to ""
[7.217s] -- Installing: /home/pawo90/ros2_ws/piper_robot/install/robot_teleop/share/robot_teleop//config
[7.217s] -- Installing: /home/pawo90/ros2_ws/piper_robot/install/robot_teleop/share/robot_teleop//include
[7.218s] -- Installing: /home/pawo90/ros2_ws/piper_robot/install/robot_teleop/share/robot_teleop//include/robot_teleop
[7.218s] -- Installing: /home/pawo90/ros2_ws/piper_robot/install/robot_teleop/share/robot_teleop//launch
[7.218s] -- Installing: /home/pawo90/ros2_ws/piper_robot/install/robot_teleop/share/robot_teleop//src
[7.218s] -- Installing: /home/pawo90/ros2_ws/piper_robot/install/robot_teleop/share/robot_teleop//src/joy_to_servo.cpp
[7.218s] -- Installing: /home/pawo90/ros2_ws/piper_robot/install/robot_teleop/share/ament_index/resource_index/package_run_dependencies/robot_teleop
[7.218s] -- Installing: /home/pawo90/ros2_ws/piper_robot/install/robot_teleop/share/ament_index/resource_index/parent_prefix_path/robot_teleop
[7.218s] -- Installing: /home/pawo90/ros2_ws/piper_robot/install/robot_teleop/share/robot_teleop/environment/ament_prefix_path.sh
[7.218s] -- Installing: /home/pawo90/ros2_ws/piper_robot/install/robot_teleop/share/robot_teleop/environment/ament_prefix_path.dsv
[7.218s] -- Installing: /home/pawo90/ros2_ws/piper_robot/install/robot_teleop/share/robot_teleop/environment/path.sh
[7.218s] -- Installing: /home/pawo90/ros2_ws/piper_robot/install/robot_teleop/share/robot_teleop/environment/path.dsv
[7.218s] -- Installing: /home/pawo90/ros2_ws/piper_robot/install/robot_teleop/share/robot_teleop/local_setup.bash
[7.218s] -- Installing: /home/pawo90/ros2_ws/piper_robot/install/robot_teleop/share/robot_teleop/local_setup.sh
[7.219s] -- Installing: /home/pawo90/ros2_ws/piper_robot/install/robot_teleop/share/robot_teleop/local_setup.zsh
[7.219s] -- Installing: /home/pawo90/ros2_ws/piper_robot/install/robot_teleop/share/robot_teleop/local_setup.dsv
[7.219s] -- Installing: /home/pawo90/ros2_ws/piper_robot/install/robot_teleop/share/robot_teleop/package.dsv
[7.219s] -- Installing: /home/pawo90/ros2_ws/piper_robot/install/robot_teleop/share/ament_index/resource_index/packages/robot_teleop
[7.219s] -- Installing: /home/pawo90/ros2_ws/piper_robot/install/robot_teleop/share/robot_teleop/cmake/robot_teleopConfig.cmake
[7.219s] -- Installing: /home/pawo90/ros2_ws/piper_robot/install/robot_teleop/share/robot_teleop/cmake/robot_teleopConfig-version.cmake
[7.219s] -- Installing: /home/pawo90/ros2_ws/piper_robot/install/robot_teleop/share/robot_teleop/package.xml
[7.220s] Invoked command in '/home/pawo90/ros2_ws/piper_robot/build/robot_teleop' returned '0': CMAKE_PREFIX_PATH=${CMAKE_PREFIX_PATH}:/home/pawo90/ros2_ws/concepts/install/topics_py_pkg:/opt/ros/jazzy DEBUGINFOD_URLS=https://debuginfod.ubuntu.com /usr/bin/cmake --install /home/pawo90/ros2_ws/piper_robot/build/robot_teleop
