[0.063s] DEBUG:colcon:Command line arguments: ['/usr/bin/colcon', 'build']
[0.063s] DEBUG:colcon:Parsed command line arguments: Namespace(log_base=None, log_level=None, verb_name='build', build_base='build', install_base='install', merge_install=False, symlink_install=False, test_result_base=None, continue_on_error=False, executor='parallel', parallel_workers=16, event_handlers=None, ignore_user_meta=False, metas=['./colcon.meta'], base_paths=['.'], packages_ignore=None, packages_ignore_regex=None, paths=None, packages_up_to=None, packages_up_to_regex=None, packages_above=None, packages_above_and_dependencies=None, packages_above_depth=None, packages_select_by_dep=None, packages_skip_by_dep=None, packages_skip_up_to=None, packages_select_build_failed=False, packages_skip_build_finished=False, packages_select_test_failures=False, packages_skip_test_passed=False, packages_select=None, packages_skip=None, packages_select_regex=None, packages_skip_regex=None, packages_start=None, packages_end=None, allow_overriding=[], cmake_args=None, cmake_target=None, cmake_target_skip_unavailable=False, cmake_clean_cache=False, cmake_clean_first=False, cmake_force_configure=False, ament_cmake_args=None, catkin_cmake_args=None, catkin_skip_building_tests=False, mixin_files=None, mixin=None, verb_parser=<colcon_mixin.mixin.mixin_argument.MixinArgumentDecorator object at 0x78e8196cadb0>, verb_extension=<colcon_core.verb.build.BuildVerb object at 0x78e8196caae0>, main=<bound method BuildVerb.main of <colcon_core.verb.build.BuildVerb object at 0x78e8196caae0>>, mixin_verb=('build',))
[0.083s] Level 1:colcon.colcon_core.package_discovery:discover_packages(colcon_meta) check parameters
[0.083s] Level 1:colcon.colcon_core.package_discovery:discover_packages(recursive) check parameters
[0.083s] Level 1:colcon.colcon_core.package_discovery:discover_packages(ignore) check parameters
[0.083s] Level 1:colcon.colcon_core.package_discovery:discover_packages(path) check parameters
[0.083s] Level 1:colcon.colcon_core.package_discovery:discover_packages(colcon_meta) discover
[0.083s] Level 1:colcon.colcon_core.package_discovery:discover_packages(recursive) discover
[0.083s] INFO:colcon.colcon_core.package_discovery:Crawling recursively for packages in '/home/pawo90/ros2_ws/piper_robot'
[0.083s] Level 1:colcon.colcon_core.package_identification:_identify(.) by extensions ['ignore', 'ignore_ament_install']
[0.083s] Level 1:colcon.colcon_core.package_identification:_identify(.) by extension 'ignore'
[0.083s] Level 1:colcon.colcon_core.package_identification:_identify(.) by extension 'ignore_ament_install'
[0.084s] Level 1:colcon.colcon_core.package_identification:_identify(.) by extensions ['colcon_pkg']
[0.084s] Level 1:colcon.colcon_core.package_identification:_identify(.) by extension 'colcon_pkg'
[0.084s] Level 1:colcon.colcon_core.package_identification:_identify(.) by extensions ['colcon_meta']
[0.084s] Level 1:colcon.colcon_core.package_identification:_identify(.) by extension 'colcon_meta'
[0.084s] Level 1:colcon.colcon_core.package_identification:_identify(.) by extensions ['ros']
[0.084s] Level 1:colcon.colcon_core.package_identification:_identify(.) by extension 'ros'
[0.098s] Level 1:colcon.colcon_core.package_identification:_identify(.) by extensions ['cmake', 'python']
[0.098s] Level 1:colcon.colcon_core.package_identification:_identify(.) by extension 'cmake'
[0.098s] Level 1:colcon.colcon_core.package_identification:_identify(.) by extension 'python'
[0.098s] Level 1:colcon.colcon_core.package_identification:_identify(.) by extensions ['python_setup_py']
[0.098s] Level 1:colcon.colcon_core.package_identification:_identify(.) by extension 'python_setup_py'
[0.098s] Level 1:colcon.colcon_core.package_identification:_identify(build) by extensions ['ignore', 'ignore_ament_install']
[0.098s] Level 1:colcon.colcon_core.package_identification:_identify(build) by extension 'ignore'
[0.098s] Level 1:colcon.colcon_core.package_identification:_identify(build) ignored
[0.098s] Level 1:colcon.colcon_core.package_identification:_identify(install) by extensions ['ignore', 'ignore_ament_install']
[0.098s] Level 1:colcon.colcon_core.package_identification:_identify(install) by extension 'ignore'
[0.098s] Level 1:colcon.colcon_core.package_identification:_identify(install) ignored
[0.098s] Level 1:colcon.colcon_core.package_identification:_identify(log) by extensions ['ignore', 'ignore_ament_install']
[0.098s] Level 1:colcon.colcon_core.package_identification:_identify(log) by extension 'ignore'
[0.098s] Level 1:colcon.colcon_core.package_identification:_identify(log) ignored
[0.098s] Level 1:colcon.colcon_core.package_identification:_identify(src) by extensions ['ignore', 'ignore_ament_install']
[0.098s] Level 1:colcon.colcon_core.package_identification:_identify(src) by extension 'ignore'
[0.098s] Level 1:colcon.colcon_core.package_identification:_identify(src) by extension 'ignore_ament_install'
[0.098s] Level 1:colcon.colcon_core.package_identification:_identify(src) by extensions ['colcon_pkg']
[0.098s] Level 1:colcon.colcon_core.package_identification:_identify(src) by extension 'colcon_pkg'
[0.098s] Level 1:colcon.colcon_core.package_identification:_identify(src) by extensions ['colcon_meta']
[0.099s] Level 1:colcon.colcon_core.package_identification:_identify(src) by extension 'colcon_meta'
[0.099s] Level 1:colcon.colcon_core.package_identification:_identify(src) by extensions ['ros']
[0.099s] Level 1:colcon.colcon_core.package_identification:_identify(src) by extension 'ros'
[0.099s] Level 1:colcon.colcon_core.package_identification:_identify(src) by extensions ['cmake', 'python']
[0.099s] Level 1:colcon.colcon_core.package_identification:_identify(src) by extension 'cmake'
[0.099s] Level 1:colcon.colcon_core.package_identification:_identify(src) by extension 'python'
[0.099s] Level 1:colcon.colcon_core.package_identification:_identify(src) by extensions ['python_setup_py']
[0.099s] Level 1:colcon.colcon_core.package_identification:_identify(src) by extension 'python_setup_py'
[0.099s] Level 1:colcon.colcon_core.package_identification:_identify(src/robot_bringup) by extensions ['ignore', 'ignore_ament_install']
[0.099s] Level 1:colcon.colcon_core.package_identification:_identify(src/robot_bringup) by extension 'ignore'
[0.099s] Level 1:colcon.colcon_core.package_identification:_identify(src/robot_bringup) by extension 'ignore_ament_install'
[0.099s] Level 1:colcon.colcon_core.package_identification:_identify(src/robot_bringup) by extensions ['colcon_pkg']
[0.099s] Level 1:colcon.colcon_core.package_identification:_identify(src/robot_bringup) by extension 'colcon_pkg'
[0.099s] Level 1:colcon.colcon_core.package_identification:_identify(src/robot_bringup) by extensions ['colcon_meta']
[0.099s] Level 1:colcon.colcon_core.package_identification:_identify(src/robot_bringup) by extension 'colcon_meta'
[0.099s] Level 1:colcon.colcon_core.package_identification:_identify(src/robot_bringup) by extensions ['ros']
[0.099s] Level 1:colcon.colcon_core.package_identification:_identify(src/robot_bringup) by extension 'ros'
[0.105s] DEBUG:colcon.colcon_core.package_identification:Package 'src/robot_bringup' with type 'ros.ament_cmake' and name 'robot_bringup'
[0.105s] Level 1:colcon.colcon_core.package_identification:_identify(src/robot_description) by extensions ['ignore', 'ignore_ament_install']
[0.105s] Level 1:colcon.colcon_core.package_identification:_identify(src/robot_description) by extension 'ignore'
[0.105s] Level 1:colcon.colcon_core.package_identification:_identify(src/robot_description) by extension 'ignore_ament_install'
[0.106s] Level 1:colcon.colcon_core.package_identification:_identify(src/robot_description) by extensions ['colcon_pkg']
[0.106s] Level 1:colcon.colcon_core.package_identification:_identify(src/robot_description) by extension 'colcon_pkg'
[0.106s] Level 1:colcon.colcon_core.package_identification:_identify(src/robot_description) by extensions ['colcon_meta']
[0.106s] Level 1:colcon.colcon_core.package_identification:_identify(src/robot_description) by extension 'colcon_meta'
[0.106s] Level 1:colcon.colcon_core.package_identification:_identify(src/robot_description) by extensions ['ros']
[0.106s] Level 1:colcon.colcon_core.package_identification:_identify(src/robot_description) by extension 'ros'
[0.106s] DEBUG:colcon.colcon_core.package_identification:Package 'src/robot_description' with type 'ros.ament_cmake' and name 'robot_description'
[0.106s] Level 1:colcon.colcon_core.package_identification:_identify(src/robot_moveit_config) by extensions ['ignore', 'ignore_ament_install']
[0.106s] Level 1:colcon.colcon_core.package_identification:_identify(src/robot_moveit_config) by extension 'ignore'
[0.106s] Level 1:colcon.colcon_core.package_identification:_identify(src/robot_moveit_config) by extension 'ignore_ament_install'
[0.106s] Level 1:colcon.colcon_core.package_identification:_identify(src/robot_moveit_config) by extensions ['colcon_pkg']
[0.106s] Level 1:colcon.colcon_core.package_identification:_identify(src/robot_moveit_config) by extension 'colcon_pkg'
[0.106s] Level 1:colcon.colcon_core.package_identification:_identify(src/robot_moveit_config) by extensions ['colcon_meta']
[0.106s] Level 1:colcon.colcon_core.package_identification:_identify(src/robot_moveit_config) by extension 'colcon_meta'
[0.106s] Level 1:colcon.colcon_core.package_identification:_identify(src/robot_moveit_config) by extensions ['ros']
[0.106s] Level 1:colcon.colcon_core.package_identification:_identify(src/robot_moveit_config) by extension 'ros'
[0.107s] DEBUG:colcon.colcon_core.package_identification:Package 'src/robot_moveit_config' with type 'ros.ament_cmake' and name 'robot_moveit_config'
[0.107s] Level 1:colcon.colcon_core.package_identification:_identify(src/robot_moveit_servo) by extensions ['ignore', 'ignore_ament_install']
[0.107s] Level 1:colcon.colcon_core.package_identification:_identify(src/robot_moveit_servo) by extension 'ignore'
[0.107s] Level 1:colcon.colcon_core.package_identification:_identify(src/robot_moveit_servo) by extension 'ignore_ament_install'
[0.107s] Level 1:colcon.colcon_core.package_identification:_identify(src/robot_moveit_servo) by extensions ['colcon_pkg']
[0.107s] Level 1:colcon.colcon_core.package_identification:_identify(src/robot_moveit_servo) by extension 'colcon_pkg'
[0.107s] Level 1:colcon.colcon_core.package_identification:_identify(src/robot_moveit_servo) by extensions ['colcon_meta']
[0.107s] Level 1:colcon.colcon_core.package_identification:_identify(src/robot_moveit_servo) by extension 'colcon_meta'
[0.107s] Level 1:colcon.colcon_core.package_identification:_identify(src/robot_moveit_servo) by extensions ['ros']
[0.107s] Level 1:colcon.colcon_core.package_identification:_identify(src/robot_moveit_servo) by extension 'ros'
[0.108s] DEBUG:colcon.colcon_core.package_identification:Package 'src/robot_moveit_servo' with type 'ros.ament_cmake' and name 'robot_moveit_servo'
[0.108s] Level 1:colcon.colcon_core.package_identification:_identify(src/robot_teleop) by extensions ['ignore', 'ignore_ament_install']
[0.108s] Level 1:colcon.colcon_core.package_identification:_identify(src/robot_teleop) by extension 'ignore'
[0.108s] Level 1:colcon.colcon_core.package_identification:_identify(src/robot_teleop) by extension 'ignore_ament_install'
[0.108s] Level 1:colcon.colcon_core.package_identification:_identify(src/robot_teleop) by extensions ['colcon_pkg']
[0.108s] Level 1:colcon.colcon_core.package_identification:_identify(src/robot_teleop) by extension 'colcon_pkg'
[0.108s] Level 1:colcon.colcon_core.package_identification:_identify(src/robot_teleop) by extensions ['colcon_meta']
[0.108s] Level 1:colcon.colcon_core.package_identification:_identify(src/robot_teleop) by extension 'colcon_meta'
[0.108s] Level 1:colcon.colcon_core.package_identification:_identify(src/robot_teleop) by extensions ['ros']
[0.108s] Level 1:colcon.colcon_core.package_identification:_identify(src/robot_teleop) by extension 'ros'
[0.109s] DEBUG:colcon.colcon_core.package_identification:Package 'src/robot_teleop' with type 'ros.ament_cmake' and name 'robot_teleop'
[0.109s] Level 1:colcon.colcon_core.package_discovery:discover_packages(recursive) using defaults
[0.109s] Level 1:colcon.colcon_core.package_discovery:discover_packages(ignore) discover
[0.109s] Level 1:colcon.colcon_core.package_discovery:discover_packages(ignore) using defaults
[0.109s] Level 1:colcon.colcon_core.package_discovery:discover_packages(path) discover
[0.109s] Level 1:colcon.colcon_core.package_discovery:discover_packages(path) using defaults
[0.119s] Level 1:colcon.colcon_core.package_discovery:discover_packages(prefix_path) check parameters
[0.119s] Level 1:colcon.colcon_core.package_discovery:discover_packages(prefix_path) discover
[0.121s] DEBUG:colcon.colcon_installed_package_information.package_discovery:Found 1 installed packages in /home/pawo90/ros2_ws/concepts/install
[0.122s] DEBUG:colcon.colcon_installed_package_information.package_discovery:Found 523 installed packages in /opt/ros/jazzy
[0.123s] Level 1:colcon.colcon_core.package_discovery:discover_packages(prefix_path) using defaults
[0.160s] Level 5:colcon.colcon_core.verb:set package 'robot_bringup' build argument 'cmake_args' from command line to 'None'
[0.160s] Level 5:colcon.colcon_core.verb:set package 'robot_bringup' build argument 'cmake_target' from command line to 'None'
[0.160s] Level 5:colcon.colcon_core.verb:set package 'robot_bringup' build argument 'cmake_target_skip_unavailable' from command line to 'False'
[0.160s] Level 5:colcon.colcon_core.verb:set package 'robot_bringup' build argument 'cmake_clean_cache' from command line to 'False'
[0.160s] Level 5:colcon.colcon_core.verb:set package 'robot_bringup' build argument 'cmake_clean_first' from command line to 'False'
[0.160s] Level 5:colcon.colcon_core.verb:set package 'robot_bringup' build argument 'cmake_force_configure' from command line to 'False'
[0.160s] Level 5:colcon.colcon_core.verb:set package 'robot_bringup' build argument 'ament_cmake_args' from command line to 'None'
[0.160s] Level 5:colcon.colcon_core.verb:set package 'robot_bringup' build argument 'catkin_cmake_args' from command line to 'None'
[0.160s] Level 5:colcon.colcon_core.verb:set package 'robot_bringup' build argument 'catkin_skip_building_tests' from command line to 'False'
[0.161s] DEBUG:colcon.colcon_core.verb:Building package 'robot_bringup' with the following arguments: {'ament_cmake_args': None, 'build_base': '/home/pawo90/ros2_ws/piper_robot/build/robot_bringup', 'catkin_cmake_args': None, 'catkin_skip_building_tests': False, 'cmake_args': None, 'cmake_clean_cache': False, 'cmake_clean_first': False, 'cmake_force_configure': False, 'cmake_target': None, 'cmake_target_skip_unavailable': False, 'install_base': '/home/pawo90/ros2_ws/piper_robot/install/robot_bringup', 'merge_install': False, 'path': '/home/pawo90/ros2_ws/piper_robot/src/robot_bringup', 'symlink_install': False, 'test_result_base': None}
[0.161s] Level 5:colcon.colcon_core.verb:set package 'robot_description' build argument 'cmake_args' from command line to 'None'
[0.161s] Level 5:colcon.colcon_core.verb:set package 'robot_description' build argument 'cmake_target' from command line to 'None'
[0.161s] Level 5:colcon.colcon_core.verb:set package 'robot_description' build argument 'cmake_target_skip_unavailable' from command line to 'False'
[0.161s] Level 5:colcon.colcon_core.verb:set package 'robot_description' build argument 'cmake_clean_cache' from command line to 'False'
[0.161s] Level 5:colcon.colcon_core.verb:set package 'robot_description' build argument 'cmake_clean_first' from command line to 'False'
[0.161s] Level 5:colcon.colcon_core.verb:set package 'robot_description' build argument 'cmake_force_configure' from command line to 'False'
[0.161s] Level 5:colcon.colcon_core.verb:set package 'robot_description' build argument 'ament_cmake_args' from command line to 'None'
[0.161s] Level 5:colcon.colcon_core.verb:set package 'robot_description' build argument 'catkin_cmake_args' from command line to 'None'
[0.161s] Level 5:colcon.colcon_core.verb:set package 'robot_description' build argument 'catkin_skip_building_tests' from command line to 'False'
[0.161s] DEBUG:colcon.colcon_core.verb:Building package 'robot_description' with the following arguments: {'ament_cmake_args': None, 'build_base': '/home/pawo90/ros2_ws/piper_robot/build/robot_description', 'catkin_cmake_args': None, 'catkin_skip_building_tests': False, 'cmake_args': None, 'cmake_clean_cache': False, 'cmake_clean_first': False, 'cmake_force_configure': False, 'cmake_target': None, 'cmake_target_skip_unavailable': False, 'install_base': '/home/pawo90/ros2_ws/piper_robot/install/robot_description', 'merge_install': False, 'path': '/home/pawo90/ros2_ws/piper_robot/src/robot_description', 'symlink_install': False, 'test_result_base': None}
[0.161s] Level 5:colcon.colcon_core.verb:set package 'robot_moveit_servo' build argument 'cmake_args' from command line to 'None'
[0.161s] Level 5:colcon.colcon_core.verb:set package 'robot_moveit_servo' build argument 'cmake_target' from command line to 'None'
[0.161s] Level 5:colcon.colcon_core.verb:set package 'robot_moveit_servo' build argument 'cmake_target_skip_unavailable' from command line to 'False'
[0.161s] Level 5:colcon.colcon_core.verb:set package 'robot_moveit_servo' build argument 'cmake_clean_cache' from command line to 'False'
[0.161s] Level 5:colcon.colcon_core.verb:set package 'robot_moveit_servo' build argument 'cmake_clean_first' from command line to 'False'
[0.161s] Level 5:colcon.colcon_core.verb:set package 'robot_moveit_servo' build argument 'cmake_force_configure' from command line to 'False'
[0.161s] Level 5:colcon.colcon_core.verb:set package 'robot_moveit_servo' build argument 'ament_cmake_args' from command line to 'None'
[0.161s] Level 5:colcon.colcon_core.verb:set package 'robot_moveit_servo' build argument 'catkin_cmake_args' from command line to 'None'
[0.161s] Level 5:colcon.colcon_core.verb:set package 'robot_moveit_servo' build argument 'catkin_skip_building_tests' from command line to 'False'
[0.161s] DEBUG:colcon.colcon_core.verb:Building package 'robot_moveit_servo' with the following arguments: {'ament_cmake_args': None, 'build_base': '/home/pawo90/ros2_ws/piper_robot/build/robot_moveit_servo', 'catkin_cmake_args': None, 'catkin_skip_building_tests': False, 'cmake_args': None, 'cmake_clean_cache': False, 'cmake_clean_first': False, 'cmake_force_configure': False, 'cmake_target': None, 'cmake_target_skip_unavailable': False, 'install_base': '/home/pawo90/ros2_ws/piper_robot/install/robot_moveit_servo', 'merge_install': False, 'path': '/home/pawo90/ros2_ws/piper_robot/src/robot_moveit_servo', 'symlink_install': False, 'test_result_base': None}
[0.161s] Level 5:colcon.colcon_core.verb:set package 'robot_teleop' build argument 'cmake_args' from command line to 'None'
[0.161s] Level 5:colcon.colcon_core.verb:set package 'robot_teleop' build argument 'cmake_target' from command line to 'None'
[0.161s] Level 5:colcon.colcon_core.verb:set package 'robot_teleop' build argument 'cmake_target_skip_unavailable' from command line to 'False'
[0.161s] Level 5:colcon.colcon_core.verb:set package 'robot_teleop' build argument 'cmake_clean_cache' from command line to 'False'
[0.161s] Level 5:colcon.colcon_core.verb:set package 'robot_teleop' build argument 'cmake_clean_first' from command line to 'False'
[0.161s] Level 5:colcon.colcon_core.verb:set package 'robot_teleop' build argument 'cmake_force_configure' from command line to 'False'
[0.161s] Level 5:colcon.colcon_core.verb:set package 'robot_teleop' build argument 'ament_cmake_args' from command line to 'None'
[0.161s] Level 5:colcon.colcon_core.verb:set package 'robot_teleop' build argument 'catkin_cmake_args' from command line to 'None'
[0.161s] Level 5:colcon.colcon_core.verb:set package 'robot_teleop' build argument 'catkin_skip_building_tests' from command line to 'False'
[0.161s] DEBUG:colcon.colcon_core.verb:Building package 'robot_teleop' with the following arguments: {'ament_cmake_args': None, 'build_base': '/home/pawo90/ros2_ws/piper_robot/build/robot_teleop', 'catkin_cmake_args': None, 'catkin_skip_building_tests': False, 'cmake_args': None, 'cmake_clean_cache': False, 'cmake_clean_first': False, 'cmake_force_configure': False, 'cmake_target': None, 'cmake_target_skip_unavailable': False, 'install_base': '/home/pawo90/ros2_ws/piper_robot/install/robot_teleop', 'merge_install': False, 'path': '/home/pawo90/ros2_ws/piper_robot/src/robot_teleop', 'symlink_install': False, 'test_result_base': None}
[0.161s] Level 5:colcon.colcon_core.verb:set package 'robot_moveit_config' build argument 'cmake_args' from command line to 'None'
[0.161s] Level 5:colcon.colcon_core.verb:set package 'robot_moveit_config' build argument 'cmake_target' from command line to 'None'
[0.161s] Level 5:colcon.colcon_core.verb:set package 'robot_moveit_config' build argument 'cmake_target_skip_unavailable' from command line to 'False'
[0.161s] Level 5:colcon.colcon_core.verb:set package 'robot_moveit_config' build argument 'cmake_clean_cache' from command line to 'False'
[0.161s] Level 5:colcon.colcon_core.verb:set package 'robot_moveit_config' build argument 'cmake_clean_first' from command line to 'False'
[0.161s] Level 5:colcon.colcon_core.verb:set package 'robot_moveit_config' build argument 'cmake_force_configure' from command line to 'False'
[0.161s] Level 5:colcon.colcon_core.verb:set package 'robot_moveit_config' build argument 'ament_cmake_args' from command line to 'None'
[0.161s] Level 5:colcon.colcon_core.verb:set package 'robot_moveit_config' build argument 'catkin_cmake_args' from command line to 'None'
[0.161s] Level 5:colcon.colcon_core.verb:set package 'robot_moveit_config' build argument 'catkin_skip_building_tests' from command line to 'False'
[0.161s] DEBUG:colcon.colcon_core.verb:Building package 'robot_moveit_config' with the following arguments: {'ament_cmake_args': None, 'build_base': '/home/pawo90/ros2_ws/piper_robot/build/robot_moveit_config', 'catkin_cmake_args': None, 'catkin_skip_building_tests': False, 'cmake_args': None, 'cmake_clean_cache': False, 'cmake_clean_first': False, 'cmake_force_configure': False, 'cmake_target': None, 'cmake_target_skip_unavailable': False, 'install_base': '/home/pawo90/ros2_ws/piper_robot/install/robot_moveit_config', 'merge_install': False, 'path': '/home/pawo90/ros2_ws/piper_robot/src/robot_moveit_config', 'symlink_install': False, 'test_result_base': None}
[0.161s] INFO:colcon.colcon_core.executor:Executing jobs using 'parallel' executor
[0.162s] DEBUG:colcon.colcon_parallel_executor.executor.parallel:run_until_complete
[0.162s] INFO:colcon.colcon_ros.task.ament_cmake.build:Building ROS package in '/home/pawo90/ros2_ws/piper_robot/src/robot_description' with build type 'ament_cmake'
[0.162s] INFO:colcon.colcon_cmake.task.cmake.build:Building CMake package in '/home/pawo90/ros2_ws/piper_robot/src/robot_description'
[0.163s] INFO:colcon.colcon_core.plugin_system:Skipping extension 'colcon_core.shell.bat': Not used on non-Windows systems
[0.163s] INFO:colcon.colcon_core.shell:Skip shell extension 'powershell' for command environment: Not usable outside of PowerShell
[0.163s] DEBUG:colcon.colcon_core.shell:Skip shell extension 'dsv' for command environment
[0.166s] INFO:colcon.colcon_ros.task.ament_cmake.build:Building ROS package in '/home/pawo90/ros2_ws/piper_robot/src/robot_bringup' with build type 'ament_cmake'
[0.166s] INFO:colcon.colcon_cmake.task.cmake.build:Building CMake package in '/home/pawo90/ros2_ws/piper_robot/src/robot_bringup'
[0.166s] INFO:colcon.colcon_core.shell:Skip shell extension 'powershell' for command environment: Not usable outside of PowerShell
[0.166s] DEBUG:colcon.colcon_core.shell:Skip shell extension 'dsv' for command environment
[0.168s] INFO:colcon.colcon_ros.task.ament_cmake.build:Building ROS package in '/home/pawo90/ros2_ws/piper_robot/src/robot_moveit_servo' with build type 'ament_cmake'
[0.168s] INFO:colcon.colcon_cmake.task.cmake.build:Building CMake package in '/home/pawo90/ros2_ws/piper_robot/src/robot_moveit_servo'
[0.168s] INFO:colcon.colcon_core.shell:Skip shell extension 'powershell' for command environment: Not usable outside of PowerShell
[0.168s] DEBUG:colcon.colcon_core.shell:Skip shell extension 'dsv' for command environment
[0.170s] INFO:colcon.colcon_ros.task.ament_cmake.build:Building ROS package in '/home/pawo90/ros2_ws/piper_robot/src/robot_teleop' with build type 'ament_cmake'
[0.170s] INFO:colcon.colcon_cmake.task.cmake.build:Building CMake package in '/home/pawo90/ros2_ws/piper_robot/src/robot_teleop'
[0.170s] INFO:colcon.colcon_core.shell:Skip shell extension 'powershell' for command environment: Not usable outside of PowerShell
[0.170s] DEBUG:colcon.colcon_core.shell:Skip shell extension 'dsv' for command environment
[0.174s] DEBUG:colcon.colcon_core.event_handler.log_command:Invoking command in '/home/pawo90/ros2_ws/piper_robot/build/robot_description': CMAKE_PREFIX_PATH=${CMAKE_PREFIX_PATH}:/home/pawo90/ros2_ws/concepts/install/topics_py_pkg:/opt/ros/jazzy DEBUGINFOD_URLS=https://debuginfod.ubuntu.com /usr/bin/cmake /home/pawo90/ros2_ws/piper_robot/src/robot_description -DCMAKE_INSTALL_PREFIX=/home/pawo90/ros2_ws/piper_robot/install/robot_description
[0.180s] DEBUG:colcon.colcon_core.event_handler.log_command:Invoking command in '/home/pawo90/ros2_ws/piper_robot/build/robot_bringup': CMAKE_PREFIX_PATH=${CMAKE_PREFIX_PATH}:/home/pawo90/ros2_ws/concepts/install/topics_py_pkg:/opt/ros/jazzy DEBUGINFOD_URLS=https://debuginfod.ubuntu.com /usr/bin/cmake /home/pawo90/ros2_ws/piper_robot/src/robot_bringup -DCMAKE_INSTALL_PREFIX=/home/pawo90/ros2_ws/piper_robot/install/robot_bringup
[0.182s] DEBUG:colcon.colcon_core.event_handler.log_command:Invoking command in '/home/pawo90/ros2_ws/piper_robot/build/robot_moveit_servo': CMAKE_PREFIX_PATH=${CMAKE_PREFIX_PATH}:/home/pawo90/ros2_ws/concepts/install/topics_py_pkg:/opt/ros/jazzy DEBUGINFOD_URLS=https://debuginfod.ubuntu.com /usr/bin/cmake /home/pawo90/ros2_ws/piper_robot/src/robot_moveit_servo -DCMAKE_INSTALL_PREFIX=/home/pawo90/ros2_ws/piper_robot/install/robot_moveit_servo
[0.184s] DEBUG:colcon.colcon_core.event_handler.log_command:Invoking command in '/home/pawo90/ros2_ws/piper_robot/build/robot_teleop': CMAKE_PREFIX_PATH=${CMAKE_PREFIX_PATH}:/home/pawo90/ros2_ws/concepts/install/topics_py_pkg:/opt/ros/jazzy DEBUGINFOD_URLS=https://debuginfod.ubuntu.com /usr/bin/cmake /home/pawo90/ros2_ws/piper_robot/src/robot_teleop -DCMAKE_INSTALL_PREFIX=/home/pawo90/ros2_ws/piper_robot/install/robot_teleop
[1.003s] DEBUG:colcon.colcon_core.event_handler.log_command:Invoked command in '/home/pawo90/ros2_ws/piper_robot/build/robot_bringup' returned '0': CMAKE_PREFIX_PATH=${CMAKE_PREFIX_PATH}:/home/pawo90/ros2_ws/concepts/install/topics_py_pkg:/opt/ros/jazzy DEBUGINFOD_URLS=https://debuginfod.ubuntu.com /usr/bin/cmake /home/pawo90/ros2_ws/piper_robot/src/robot_bringup -DCMAKE_INSTALL_PREFIX=/home/pawo90/ros2_ws/piper_robot/install/robot_bringup
[1.004s] DEBUG:colcon.colcon_core.event_handler.log_command:Invoking command in '/home/pawo90/ros2_ws/piper_robot/build/robot_bringup': CMAKE_PREFIX_PATH=${CMAKE_PREFIX_PATH}:/home/pawo90/ros2_ws/concepts/install/topics_py_pkg:/opt/ros/jazzy DEBUGINFOD_URLS=https://debuginfod.ubuntu.com /usr/bin/cmake --build /home/pawo90/ros2_ws/piper_robot/build/robot_bringup -- -j16 -l16
[1.005s] DEBUG:colcon.colcon_core.event_handler.log_command:Invoked command in '/home/pawo90/ros2_ws/piper_robot/build/robot_description' returned '0': CMAKE_PREFIX_PATH=${CMAKE_PREFIX_PATH}:/home/pawo90/ros2_ws/concepts/install/topics_py_pkg:/opt/ros/jazzy DEBUGINFOD_URLS=https://debuginfod.ubuntu.com /usr/bin/cmake /home/pawo90/ros2_ws/piper_robot/src/robot_description -DCMAKE_INSTALL_PREFIX=/home/pawo90/ros2_ws/piper_robot/install/robot_description
[1.005s] DEBUG:colcon.colcon_core.event_handler.log_command:Invoking command in '/home/pawo90/ros2_ws/piper_robot/build/robot_description': CMAKE_PREFIX_PATH=${CMAKE_PREFIX_PATH}:/home/pawo90/ros2_ws/concepts/install/topics_py_pkg:/opt/ros/jazzy DEBUGINFOD_URLS=https://debuginfod.ubuntu.com /usr/bin/cmake --build /home/pawo90/ros2_ws/piper_robot/build/robot_description -- -j16 -l16
[1.029s] DEBUG:colcon.colcon_core.event_handler.log_command:Invoked command in '/home/pawo90/ros2_ws/piper_robot/build/robot_bringup' returned '0': CMAKE_PREFIX_PATH=${CMAKE_PREFIX_PATH}:/home/pawo90/ros2_ws/concepts/install/topics_py_pkg:/opt/ros/jazzy DEBUGINFOD_URLS=https://debuginfod.ubuntu.com /usr/bin/cmake --build /home/pawo90/ros2_ws/piper_robot/build/robot_bringup -- -j16 -l16
[1.036s] DEBUG:colcon.colcon_core.event_handler.log_command:Invoking command in '/home/pawo90/ros2_ws/piper_robot/build/robot_bringup': CMAKE_PREFIX_PATH=${CMAKE_PREFIX_PATH}:/home/pawo90/ros2_ws/concepts/install/topics_py_pkg:/opt/ros/jazzy DEBUGINFOD_URLS=https://debuginfod.ubuntu.com /usr/bin/cmake --install /home/pawo90/ros2_ws/piper_robot/build/robot_bringup
[1.037s] DEBUG:colcon.colcon_core.event_handler.log_command:Invoked command in '/home/pawo90/ros2_ws/piper_robot/build/robot_description' returned '0': CMAKE_PREFIX_PATH=${CMAKE_PREFIX_PATH}:/home/pawo90/ros2_ws/concepts/install/topics_py_pkg:/opt/ros/jazzy DEBUGINFOD_URLS=https://debuginfod.ubuntu.com /usr/bin/cmake --build /home/pawo90/ros2_ws/piper_robot/build/robot_description -- -j16 -l16
[1.038s] DEBUG:colcon.colcon_core.event_handler.log_command:Invoking command in '/home/pawo90/ros2_ws/piper_robot/build/robot_description': CMAKE_PREFIX_PATH=${CMAKE_PREFIX_PATH}:/home/pawo90/ros2_ws/concepts/install/topics_py_pkg:/opt/ros/jazzy DEBUGINFOD_URLS=https://debuginfod.ubuntu.com /usr/bin/cmake --install /home/pawo90/ros2_ws/piper_robot/build/robot_description
[1.043s] Level 1:colcon.colcon_core.environment:create_environment_scripts_only(robot_bringup)
[1.043s] DEBUG:colcon.colcon_core.event_handler.log_command:Invoked command in '/home/pawo90/ros2_ws/piper_robot/build/robot_bringup' returned '0': CMAKE_PREFIX_PATH=${CMAKE_PREFIX_PATH}:/home/pawo90/ros2_ws/concepts/install/topics_py_pkg:/opt/ros/jazzy DEBUGINFOD_URLS=https://debuginfod.ubuntu.com /usr/bin/cmake --install /home/pawo90/ros2_ws/piper_robot/build/robot_bringup
[1.045s] Level 1:colcon.colcon_core.environment:checking '/home/pawo90/ros2_ws/piper_robot/install/robot_bringup' for CMake module files
[1.045s] Level 1:colcon.colcon_core.environment:checking '/home/pawo90/ros2_ws/piper_robot/install/robot_bringup' for CMake config files
[1.045s] Level 1:colcon.colcon_core.shell:create_environment_hook('robot_bringup', 'cmake_prefix_path')
[1.045s] INFO:colcon.colcon_core.shell:Creating environment hook '/home/pawo90/ros2_ws/piper_robot/install/robot_bringup/share/robot_bringup/hook/cmake_prefix_path.ps1'
[1.046s] INFO:colcon.colcon_core.shell:Creating environment descriptor '/home/pawo90/ros2_ws/piper_robot/install/robot_bringup/share/robot_bringup/hook/cmake_prefix_path.dsv'
[1.046s] INFO:colcon.colcon_core.shell:Creating environment hook '/home/pawo90/ros2_ws/piper_robot/install/robot_bringup/share/robot_bringup/hook/cmake_prefix_path.sh'
[1.046s] Level 1:colcon.colcon_core.environment:checking '/home/pawo90/ros2_ws/piper_robot/install/robot_bringup/bin'
[1.046s] Level 1:colcon.colcon_core.environment:checking '/home/pawo90/ros2_ws/piper_robot/install/robot_bringup/lib/pkgconfig/robot_bringup.pc'
[1.047s] Level 1:colcon.colcon_core.environment:checking '/home/pawo90/ros2_ws/piper_robot/install/robot_bringup/lib/python3.12/site-packages'
[1.047s] Level 1:colcon.colcon_core.environment:checking '/home/pawo90/ros2_ws/piper_robot/install/robot_bringup/bin'
[1.047s] INFO:colcon.colcon_core.shell:Creating package script '/home/pawo90/ros2_ws/piper_robot/install/robot_bringup/share/robot_bringup/package.ps1'
[1.047s] INFO:colcon.colcon_core.shell:Creating package descriptor '/home/pawo90/ros2_ws/piper_robot/install/robot_bringup/share/robot_bringup/package.dsv'
[1.048s] INFO:colcon.colcon_core.shell:Creating package script '/home/pawo90/ros2_ws/piper_robot/install/robot_bringup/share/robot_bringup/package.sh'
[1.048s] INFO:colcon.colcon_core.shell:Creating package script '/home/pawo90/ros2_ws/piper_robot/install/robot_bringup/share/robot_bringup/package.bash'
[1.048s] INFO:colcon.colcon_core.shell:Creating package script '/home/pawo90/ros2_ws/piper_robot/install/robot_bringup/share/robot_bringup/package.zsh'
[1.049s] Level 1:colcon.colcon_core.environment:create_file_with_runtime_dependencies(/home/pawo90/ros2_ws/piper_robot/install/robot_bringup/share/colcon-core/packages/robot_bringup)
[1.049s] Level 1:colcon.colcon_core.environment:create_environment_scripts_only(robot_bringup)
[1.049s] Level 1:colcon.colcon_core.environment:checking '/home/pawo90/ros2_ws/piper_robot/install/robot_bringup' for CMake module files
[1.049s] Level 1:colcon.colcon_core.environment:checking '/home/pawo90/ros2_ws/piper_robot/install/robot_bringup' for CMake config files
[1.049s] Level 1:colcon.colcon_core.shell:create_environment_hook('robot_bringup', 'cmake_prefix_path')
[1.049s] INFO:colcon.colcon_core.shell:Creating environment hook '/home/pawo90/ros2_ws/piper_robot/install/robot_bringup/share/robot_bringup/hook/cmake_prefix_path.ps1'
[1.050s] INFO:colcon.colcon_core.shell:Creating environment descriptor '/home/pawo90/ros2_ws/piper_robot/install/robot_bringup/share/robot_bringup/hook/cmake_prefix_path.dsv'
[1.050s] INFO:colcon.colcon_core.shell:Creating environment hook '/home/pawo90/ros2_ws/piper_robot/install/robot_bringup/share/robot_bringup/hook/cmake_prefix_path.sh'
[1.050s] Level 1:colcon.colcon_core.environment:checking '/home/pawo90/ros2_ws/piper_robot/install/robot_bringup/bin'
[1.050s] Level 1:colcon.colcon_core.environment:checking '/home/pawo90/ros2_ws/piper_robot/install/robot_bringup/lib/pkgconfig/robot_bringup.pc'
[1.050s] Level 1:colcon.colcon_core.environment:checking '/home/pawo90/ros2_ws/piper_robot/install/robot_bringup/lib/python3.12/site-packages'
[1.050s] Level 1:colcon.colcon_core.environment:checking '/home/pawo90/ros2_ws/piper_robot/install/robot_bringup/bin'
[1.050s] INFO:colcon.colcon_core.shell:Creating package script '/home/pawo90/ros2_ws/piper_robot/install/robot_bringup/share/robot_bringup/package.ps1'
[1.051s] INFO:colcon.colcon_core.shell:Creating package descriptor '/home/pawo90/ros2_ws/piper_robot/install/robot_bringup/share/robot_bringup/package.dsv'
[1.051s] INFO:colcon.colcon_core.shell:Creating package script '/home/pawo90/ros2_ws/piper_robot/install/robot_bringup/share/robot_bringup/package.sh'
[1.051s] INFO:colcon.colcon_core.shell:Creating package script '/home/pawo90/ros2_ws/piper_robot/install/robot_bringup/share/robot_bringup/package.bash'
[1.051s] INFO:colcon.colcon_core.shell:Creating package script '/home/pawo90/ros2_ws/piper_robot/install/robot_bringup/share/robot_bringup/package.zsh'
[1.051s] Level 1:colcon.colcon_core.environment:create_file_with_runtime_dependencies(/home/pawo90/ros2_ws/piper_robot/install/robot_bringup/share/colcon-core/packages/robot_bringup)
[1.085s] Level 1:colcon.colcon_core.environment:create_environment_scripts_only(robot_description)
[1.086s] Level 1:colcon.colcon_core.environment:checking '/home/pawo90/ros2_ws/piper_robot/install/robot_description' for CMake module files
[1.086s] DEBUG:colcon.colcon_core.event_handler.log_command:Invoked command in '/home/pawo90/ros2_ws/piper_robot/build/robot_description' returned '0': CMAKE_PREFIX_PATH=${CMAKE_PREFIX_PATH}:/home/pawo90/ros2_ws/concepts/install/topics_py_pkg:/opt/ros/jazzy DEBUGINFOD_URLS=https://debuginfod.ubuntu.com /usr/bin/cmake --install /home/pawo90/ros2_ws/piper_robot/build/robot_description
[1.086s] Level 1:colcon.colcon_core.environment:checking '/home/pawo90/ros2_ws/piper_robot/install/robot_description' for CMake config files
[1.086s] Level 1:colcon.colcon_core.shell:create_environment_hook('robot_description', 'cmake_prefix_path')
[1.087s] INFO:colcon.colcon_core.shell:Creating environment hook '/home/pawo90/ros2_ws/piper_robot/install/robot_description/share/robot_description/hook/cmake_prefix_path.ps1'
[1.087s] INFO:colcon.colcon_core.shell:Creating environment descriptor '/home/pawo90/ros2_ws/piper_robot/install/robot_description/share/robot_description/hook/cmake_prefix_path.dsv'
[1.087s] INFO:colcon.colcon_core.shell:Creating environment hook '/home/pawo90/ros2_ws/piper_robot/install/robot_description/share/robot_description/hook/cmake_prefix_path.sh'
[1.088s] Level 1:colcon.colcon_core.environment:checking '/home/pawo90/ros2_ws/piper_robot/install/robot_description/bin'
[1.088s] Level 1:colcon.colcon_core.environment:checking '/home/pawo90/ros2_ws/piper_robot/install/robot_description/lib/pkgconfig/robot_description.pc'
[1.088s] Level 1:colcon.colcon_core.environment:checking '/home/pawo90/ros2_ws/piper_robot/install/robot_description/lib/python3.12/site-packages'
[1.088s] Level 1:colcon.colcon_core.environment:checking '/home/pawo90/ros2_ws/piper_robot/install/robot_description/bin'
[1.088s] INFO:colcon.colcon_core.shell:Creating package script '/home/pawo90/ros2_ws/piper_robot/install/robot_description/share/robot_description/package.ps1'
[1.088s] INFO:colcon.colcon_core.shell:Creating package descriptor '/home/pawo90/ros2_ws/piper_robot/install/robot_description/share/robot_description/package.dsv'
[1.089s] INFO:colcon.colcon_core.shell:Creating package script '/home/pawo90/ros2_ws/piper_robot/install/robot_description/share/robot_description/package.sh'
[1.089s] INFO:colcon.colcon_core.shell:Creating package script '/home/pawo90/ros2_ws/piper_robot/install/robot_description/share/robot_description/package.bash'
[1.089s] INFO:colcon.colcon_core.shell:Creating package script '/home/pawo90/ros2_ws/piper_robot/install/robot_description/share/robot_description/package.zsh'
[1.089s] Level 1:colcon.colcon_core.environment:create_file_with_runtime_dependencies(/home/pawo90/ros2_ws/piper_robot/install/robot_description/share/colcon-core/packages/robot_description)
[1.089s] Level 1:colcon.colcon_core.environment:create_environment_scripts_only(robot_description)
[1.090s] Level 1:colcon.colcon_core.environment:checking '/home/pawo90/ros2_ws/piper_robot/install/robot_description' for CMake module files
[1.090s] Level 1:colcon.colcon_core.environment:checking '/home/pawo90/ros2_ws/piper_robot/install/robot_description' for CMake config files
[1.090s] Level 1:colcon.colcon_core.shell:create_environment_hook('robot_description', 'cmake_prefix_path')
[1.090s] INFO:colcon.colcon_core.shell:Creating environment hook '/home/pawo90/ros2_ws/piper_robot/install/robot_description/share/robot_description/hook/cmake_prefix_path.ps1'
[1.091s] INFO:colcon.colcon_core.shell:Creating environment descriptor '/home/pawo90/ros2_ws/piper_robot/install/robot_description/share/robot_description/hook/cmake_prefix_path.dsv'
[1.091s] INFO:colcon.colcon_core.shell:Creating environment hook '/home/pawo90/ros2_ws/piper_robot/install/robot_description/share/robot_description/hook/cmake_prefix_path.sh'
[1.091s] Level 1:colcon.colcon_core.environment:checking '/home/pawo90/ros2_ws/piper_robot/install/robot_description/bin'
[1.091s] Level 1:colcon.colcon_core.environment:checking '/home/pawo90/ros2_ws/piper_robot/install/robot_description/lib/pkgconfig/robot_description.pc'
[1.091s] Level 1:colcon.colcon_core.environment:checking '/home/pawo90/ros2_ws/piper_robot/install/robot_description/lib/python3.12/site-packages'
[1.091s] Level 1:colcon.colcon_core.environment:checking '/home/pawo90/ros2_ws/piper_robot/install/robot_description/bin'
[1.091s] INFO:colcon.colcon_core.shell:Creating package script '/home/pawo90/ros2_ws/piper_robot/install/robot_description/share/robot_description/package.ps1'
[1.092s] INFO:colcon.colcon_core.shell:Creating package descriptor '/home/pawo90/ros2_ws/piper_robot/install/robot_description/share/robot_description/package.dsv'
[1.092s] INFO:colcon.colcon_core.shell:Creating package script '/home/pawo90/ros2_ws/piper_robot/install/robot_description/share/robot_description/package.sh'
[1.092s] INFO:colcon.colcon_core.shell:Creating package script '/home/pawo90/ros2_ws/piper_robot/install/robot_description/share/robot_description/package.bash'
[1.092s] INFO:colcon.colcon_core.shell:Creating package script '/home/pawo90/ros2_ws/piper_robot/install/robot_description/share/robot_description/package.zsh'
[1.093s] Level 1:colcon.colcon_core.environment:create_file_with_runtime_dependencies(/home/pawo90/ros2_ws/piper_robot/install/robot_description/share/colcon-core/packages/robot_description)
[1.093s] INFO:colcon.colcon_ros.task.ament_cmake.build:Building ROS package in '/home/pawo90/ros2_ws/piper_robot/src/robot_moveit_config' with build type 'ament_cmake'
[1.093s] INFO:colcon.colcon_cmake.task.cmake.build:Building CMake package in '/home/pawo90/ros2_ws/piper_robot/src/robot_moveit_config'
[1.093s] INFO:colcon.colcon_core.shell:Skip shell extension 'powershell' for command environment: Not usable outside of PowerShell
[1.093s] DEBUG:colcon.colcon_core.shell:Skip shell extension 'dsv' for command environment
[1.100s] DEBUG:colcon.colcon_core.event_handler.log_command:Invoking command in '/home/pawo90/ros2_ws/piper_robot/build/robot_moveit_config': AMENT_PREFIX_PATH=/home/pawo90/ros2_ws/piper_robot/install/robot_description:${AMENT_PREFIX_PATH} CMAKE_PREFIX_PATH=/home/pawo90/ros2_ws/piper_robot/install/robot_description:/opt/ros/jazzy/opt/gz_sim_vendor:/opt/ros/jazzy/opt/gz_sensors_vendor:/opt/ros/jazzy/opt/gz_physics_vendor:/opt/ros/jazzy/opt/sdformat_vendor:/opt/ros/jazzy/opt/gz_gui_vendor:/opt/ros/jazzy/opt/gz_transport_vendor:/opt/ros/jazzy/opt/gz_rendering_vendor:/opt/ros/jazzy/opt/gz_plugin_vendor:/opt/ros/jazzy/opt/gz_fuel_tools_vendor:/opt/ros/jazzy/opt/gz_msgs_vendor:/opt/ros/jazzy/opt/gz_common_vendor:/opt/ros/jazzy/opt/gz_math_vendor:/opt/ros/jazzy/opt/gz_utils_vendor:/opt/ros/jazzy/opt/gz_tools_vendor:/opt/ros/jazzy/opt/gz_ogre_next_vendor:/opt/ros/jazzy/opt/gz_dartsim_vendor:/opt/ros/jazzy/opt/gz_cmake_vendor:/home/pawo90/ros2_ws/concepts/install/topics_py_pkg:/opt/ros/jazzy DEBUGINFOD_URLS=https://debuginfod.ubuntu.com /usr/bin/cmake /home/pawo90/ros2_ws/piper_robot/src/robot_moveit_config -DCMAKE_INSTALL_PREFIX=/home/pawo90/ros2_ws/piper_robot/install/robot_moveit_config
[1.559s] DEBUG:colcon.colcon_core.event_handler.log_command:Invoked command in '/home/pawo90/ros2_ws/piper_robot/build/robot_moveit_config' returned '0': AMENT_PREFIX_PATH=/home/pawo90/ros2_ws/piper_robot/install/robot_description:${AMENT_PREFIX_PATH} CMAKE_PREFIX_PATH=/home/pawo90/ros2_ws/piper_robot/install/robot_description:/opt/ros/jazzy/opt/gz_sim_vendor:/opt/ros/jazzy/opt/gz_sensors_vendor:/opt/ros/jazzy/opt/gz_physics_vendor:/opt/ros/jazzy/opt/sdformat_vendor:/opt/ros/jazzy/opt/gz_gui_vendor:/opt/ros/jazzy/opt/gz_transport_vendor:/opt/ros/jazzy/opt/gz_rendering_vendor:/opt/ros/jazzy/opt/gz_plugin_vendor:/opt/ros/jazzy/opt/gz_fuel_tools_vendor:/opt/ros/jazzy/opt/gz_msgs_vendor:/opt/ros/jazzy/opt/gz_common_vendor:/opt/ros/jazzy/opt/gz_math_vendor:/opt/ros/jazzy/opt/gz_utils_vendor:/opt/ros/jazzy/opt/gz_tools_vendor:/opt/ros/jazzy/opt/gz_ogre_next_vendor:/opt/ros/jazzy/opt/gz_dartsim_vendor:/opt/ros/jazzy/opt/gz_cmake_vendor:/home/pawo90/ros2_ws/concepts/install/topics_py_pkg:/opt/ros/jazzy DEBUGINFOD_URLS=https://debuginfod.ubuntu.com /usr/bin/cmake /home/pawo90/ros2_ws/piper_robot/src/robot_moveit_config -DCMAKE_INSTALL_PREFIX=/home/pawo90/ros2_ws/piper_robot/install/robot_moveit_config
[1.560s] DEBUG:colcon.colcon_core.event_handler.log_command:Invoking command in '/home/pawo90/ros2_ws/piper_robot/build/robot_moveit_config': AMENT_PREFIX_PATH=/home/pawo90/ros2_ws/piper_robot/install/robot_description:${AMENT_PREFIX_PATH} CMAKE_PREFIX_PATH=/home/pawo90/ros2_ws/piper_robot/install/robot_description:/opt/ros/jazzy/opt/gz_sim_vendor:/opt/ros/jazzy/opt/gz_sensors_vendor:/opt/ros/jazzy/opt/gz_physics_vendor:/opt/ros/jazzy/opt/sdformat_vendor:/opt/ros/jazzy/opt/gz_gui_vendor:/opt/ros/jazzy/opt/gz_transport_vendor:/opt/ros/jazzy/opt/gz_rendering_vendor:/opt/ros/jazzy/opt/gz_plugin_vendor:/opt/ros/jazzy/opt/gz_fuel_tools_vendor:/opt/ros/jazzy/opt/gz_msgs_vendor:/opt/ros/jazzy/opt/gz_common_vendor:/opt/ros/jazzy/opt/gz_math_vendor:/opt/ros/jazzy/opt/gz_utils_vendor:/opt/ros/jazzy/opt/gz_tools_vendor:/opt/ros/jazzy/opt/gz_ogre_next_vendor:/opt/ros/jazzy/opt/gz_dartsim_vendor:/opt/ros/jazzy/opt/gz_cmake_vendor:/home/pawo90/ros2_ws/concepts/install/topics_py_pkg:/opt/ros/jazzy DEBUGINFOD_URLS=https://debuginfod.ubuntu.com /usr/bin/cmake --build /home/pawo90/ros2_ws/piper_robot/build/robot_moveit_config -- -j16 -l16
[1.586s] DEBUG:colcon.colcon_core.event_handler.log_command:Invoked command in '/home/pawo90/ros2_ws/piper_robot/build/robot_moveit_config' returned '0': AMENT_PREFIX_PATH=/home/pawo90/ros2_ws/piper_robot/install/robot_description:${AMENT_PREFIX_PATH} CMAKE_PREFIX_PATH=/home/pawo90/ros2_ws/piper_robot/install/robot_description:/opt/ros/jazzy/opt/gz_sim_vendor:/opt/ros/jazzy/opt/gz_sensors_vendor:/opt/ros/jazzy/opt/gz_physics_vendor:/opt/ros/jazzy/opt/sdformat_vendor:/opt/ros/jazzy/opt/gz_gui_vendor:/opt/ros/jazzy/opt/gz_transport_vendor:/opt/ros/jazzy/opt/gz_rendering_vendor:/opt/ros/jazzy/opt/gz_plugin_vendor:/opt/ros/jazzy/opt/gz_fuel_tools_vendor:/opt/ros/jazzy/opt/gz_msgs_vendor:/opt/ros/jazzy/opt/gz_common_vendor:/opt/ros/jazzy/opt/gz_math_vendor:/opt/ros/jazzy/opt/gz_utils_vendor:/opt/ros/jazzy/opt/gz_tools_vendor:/opt/ros/jazzy/opt/gz_ogre_next_vendor:/opt/ros/jazzy/opt/gz_dartsim_vendor:/opt/ros/jazzy/opt/gz_cmake_vendor:/home/pawo90/ros2_ws/concepts/install/topics_py_pkg:/opt/ros/jazzy DEBUGINFOD_URLS=https://debuginfod.ubuntu.com /usr/bin/cmake --build /home/pawo90/ros2_ws/piper_robot/build/robot_moveit_config -- -j16 -l16
[1.587s] DEBUG:colcon.colcon_core.event_handler.log_command:Invoking command in '/home/pawo90/ros2_ws/piper_robot/build/robot_moveit_config': AMENT_PREFIX_PATH=/home/pawo90/ros2_ws/piper_robot/install/robot_description:${AMENT_PREFIX_PATH} CMAKE_PREFIX_PATH=/home/pawo90/ros2_ws/piper_robot/install/robot_description:/opt/ros/jazzy/opt/gz_sim_vendor:/opt/ros/jazzy/opt/gz_sensors_vendor:/opt/ros/jazzy/opt/gz_physics_vendor:/opt/ros/jazzy/opt/sdformat_vendor:/opt/ros/jazzy/opt/gz_gui_vendor:/opt/ros/jazzy/opt/gz_transport_vendor:/opt/ros/jazzy/opt/gz_rendering_vendor:/opt/ros/jazzy/opt/gz_plugin_vendor:/opt/ros/jazzy/opt/gz_fuel_tools_vendor:/opt/ros/jazzy/opt/gz_msgs_vendor:/opt/ros/jazzy/opt/gz_common_vendor:/opt/ros/jazzy/opt/gz_math_vendor:/opt/ros/jazzy/opt/gz_utils_vendor:/opt/ros/jazzy/opt/gz_tools_vendor:/opt/ros/jazzy/opt/gz_ogre_next_vendor:/opt/ros/jazzy/opt/gz_dartsim_vendor:/opt/ros/jazzy/opt/gz_cmake_vendor:/home/pawo90/ros2_ws/concepts/install/topics_py_pkg:/opt/ros/jazzy DEBUGINFOD_URLS=https://debuginfod.ubuntu.com /usr/bin/cmake --install /home/pawo90/ros2_ws/piper_robot/build/robot_moveit_config
[1.600s] Level 1:colcon.colcon_core.environment:create_environment_scripts_only(robot_moveit_config)
[1.600s] Level 1:colcon.colcon_core.environment:checking '/home/pawo90/ros2_ws/piper_robot/install/robot_moveit_config' for CMake module files
[1.601s] DEBUG:colcon.colcon_core.event_handler.log_command:Invoked command in '/home/pawo90/ros2_ws/piper_robot/build/robot_moveit_config' returned '0': AMENT_PREFIX_PATH=/home/pawo90/ros2_ws/piper_robot/install/robot_description:${AMENT_PREFIX_PATH} CMAKE_PREFIX_PATH=/home/pawo90/ros2_ws/piper_robot/install/robot_description:/opt/ros/jazzy/opt/gz_sim_vendor:/opt/ros/jazzy/opt/gz_sensors_vendor:/opt/ros/jazzy/opt/gz_physics_vendor:/opt/ros/jazzy/opt/sdformat_vendor:/opt/ros/jazzy/opt/gz_gui_vendor:/opt/ros/jazzy/opt/gz_transport_vendor:/opt/ros/jazzy/opt/gz_rendering_vendor:/opt/ros/jazzy/opt/gz_plugin_vendor:/opt/ros/jazzy/opt/gz_fuel_tools_vendor:/opt/ros/jazzy/opt/gz_msgs_vendor:/opt/ros/jazzy/opt/gz_common_vendor:/opt/ros/jazzy/opt/gz_math_vendor:/opt/ros/jazzy/opt/gz_utils_vendor:/opt/ros/jazzy/opt/gz_tools_vendor:/opt/ros/jazzy/opt/gz_ogre_next_vendor:/opt/ros/jazzy/opt/gz_dartsim_vendor:/opt/ros/jazzy/opt/gz_cmake_vendor:/home/pawo90/ros2_ws/concepts/install/topics_py_pkg:/opt/ros/jazzy DEBUGINFOD_URLS=https://debuginfod.ubuntu.com /usr/bin/cmake --install /home/pawo90/ros2_ws/piper_robot/build/robot_moveit_config
[1.601s] Level 1:colcon.colcon_core.environment:checking '/home/pawo90/ros2_ws/piper_robot/install/robot_moveit_config' for CMake config files
[1.601s] Level 1:colcon.colcon_core.shell:create_environment_hook('robot_moveit_config', 'cmake_prefix_path')
[1.601s] INFO:colcon.colcon_core.shell:Creating environment hook '/home/pawo90/ros2_ws/piper_robot/install/robot_moveit_config/share/robot_moveit_config/hook/cmake_prefix_path.ps1'
[1.601s] INFO:colcon.colcon_core.shell:Creating environment descriptor '/home/pawo90/ros2_ws/piper_robot/install/robot_moveit_config/share/robot_moveit_config/hook/cmake_prefix_path.dsv'
[1.601s] INFO:colcon.colcon_core.shell:Creating environment hook '/home/pawo90/ros2_ws/piper_robot/install/robot_moveit_config/share/robot_moveit_config/hook/cmake_prefix_path.sh'
[1.602s] Level 1:colcon.colcon_core.environment:checking '/home/pawo90/ros2_ws/piper_robot/install/robot_moveit_config/bin'
[1.602s] Level 1:colcon.colcon_core.environment:checking '/home/pawo90/ros2_ws/piper_robot/install/robot_moveit_config/lib/pkgconfig/robot_moveit_config.pc'
[1.602s] Level 1:colcon.colcon_core.environment:checking '/home/pawo90/ros2_ws/piper_robot/install/robot_moveit_config/lib/python3.12/site-packages'
[1.602s] Level 1:colcon.colcon_core.environment:checking '/home/pawo90/ros2_ws/piper_robot/install/robot_moveit_config/bin'
[1.602s] INFO:colcon.colcon_core.shell:Creating package script '/home/pawo90/ros2_ws/piper_robot/install/robot_moveit_config/share/robot_moveit_config/package.ps1'
[1.602s] INFO:colcon.colcon_core.shell:Creating package descriptor '/home/pawo90/ros2_ws/piper_robot/install/robot_moveit_config/share/robot_moveit_config/package.dsv'
[1.603s] INFO:colcon.colcon_core.shell:Creating package script '/home/pawo90/ros2_ws/piper_robot/install/robot_moveit_config/share/robot_moveit_config/package.sh'
[1.603s] INFO:colcon.colcon_core.shell:Creating package script '/home/pawo90/ros2_ws/piper_robot/install/robot_moveit_config/share/robot_moveit_config/package.bash'
[1.603s] INFO:colcon.colcon_core.shell:Creating package script '/home/pawo90/ros2_ws/piper_robot/install/robot_moveit_config/share/robot_moveit_config/package.zsh'
[1.603s] Level 1:colcon.colcon_core.environment:create_file_with_runtime_dependencies(/home/pawo90/ros2_ws/piper_robot/install/robot_moveit_config/share/colcon-core/packages/robot_moveit_config)
[1.603s] Level 1:colcon.colcon_core.environment:create_environment_scripts_only(robot_moveit_config)
[1.603s] Level 1:colcon.colcon_core.environment:checking '/home/pawo90/ros2_ws/piper_robot/install/robot_moveit_config' for CMake module files
[1.604s] Level 1:colcon.colcon_core.environment:checking '/home/pawo90/ros2_ws/piper_robot/install/robot_moveit_config' for CMake config files
[1.604s] Level 1:colcon.colcon_core.shell:create_environment_hook('robot_moveit_config', 'cmake_prefix_path')
[1.604s] INFO:colcon.colcon_core.shell:Creating environment hook '/home/pawo90/ros2_ws/piper_robot/install/robot_moveit_config/share/robot_moveit_config/hook/cmake_prefix_path.ps1'
[1.604s] INFO:colcon.colcon_core.shell:Creating environment descriptor '/home/pawo90/ros2_ws/piper_robot/install/robot_moveit_config/share/robot_moveit_config/hook/cmake_prefix_path.dsv'
[1.604s] INFO:colcon.colcon_core.shell:Creating environment hook '/home/pawo90/ros2_ws/piper_robot/install/robot_moveit_config/share/robot_moveit_config/hook/cmake_prefix_path.sh'
[1.604s] Level 1:colcon.colcon_core.environment:checking '/home/pawo90/ros2_ws/piper_robot/install/robot_moveit_config/bin'
[1.604s] Level 1:colcon.colcon_core.environment:checking '/home/pawo90/ros2_ws/piper_robot/install/robot_moveit_config/lib/pkgconfig/robot_moveit_config.pc'
[1.605s] Level 1:colcon.colcon_core.environment:checking '/home/pawo90/ros2_ws/piper_robot/install/robot_moveit_config/lib/python3.12/site-packages'
[1.605s] Level 1:colcon.colcon_core.environment:checking '/home/pawo90/ros2_ws/piper_robot/install/robot_moveit_config/bin'
[1.605s] INFO:colcon.colcon_core.shell:Creating package script '/home/pawo90/ros2_ws/piper_robot/install/robot_moveit_config/share/robot_moveit_config/package.ps1'
[1.605s] INFO:colcon.colcon_core.shell:Creating package descriptor '/home/pawo90/ros2_ws/piper_robot/install/robot_moveit_config/share/robot_moveit_config/package.dsv'
[1.605s] INFO:colcon.colcon_core.shell:Creating package script '/home/pawo90/ros2_ws/piper_robot/install/robot_moveit_config/share/robot_moveit_config/package.sh'
[1.606s] INFO:colcon.colcon_core.shell:Creating package script '/home/pawo90/ros2_ws/piper_robot/install/robot_moveit_config/share/robot_moveit_config/package.bash'
[1.606s] INFO:colcon.colcon_core.shell:Creating package script '/home/pawo90/ros2_ws/piper_robot/install/robot_moveit_config/share/robot_moveit_config/package.zsh'
[1.606s] Level 1:colcon.colcon_core.environment:create_file_with_runtime_dependencies(/home/pawo90/ros2_ws/piper_robot/install/robot_moveit_config/share/colcon-core/packages/robot_moveit_config)
[1.673s] DEBUG:colcon.colcon_core.event_handler.log_command:Invoked command in '/home/pawo90/ros2_ws/piper_robot/build/robot_teleop' returned '0': CMAKE_PREFIX_PATH=${CMAKE_PREFIX_PATH}:/home/pawo90/ros2_ws/concepts/install/topics_py_pkg:/opt/ros/jazzy DEBUGINFOD_URLS=https://debuginfod.ubuntu.com /usr/bin/cmake /home/pawo90/ros2_ws/piper_robot/src/robot_teleop -DCMAKE_INSTALL_PREFIX=/home/pawo90/ros2_ws/piper_robot/install/robot_teleop
[1.674s] DEBUG:colcon.colcon_core.event_handler.log_command:Invoking command in '/home/pawo90/ros2_ws/piper_robot/build/robot_teleop': CMAKE_PREFIX_PATH=${CMAKE_PREFIX_PATH}:/home/pawo90/ros2_ws/concepts/install/topics_py_pkg:/opt/ros/jazzy DEBUGINFOD_URLS=https://debuginfod.ubuntu.com /usr/bin/cmake --build /home/pawo90/ros2_ws/piper_robot/build/robot_teleop -- -j16 -l16
[2.255s] DEBUG:colcon.colcon_core.event_handler.log_command:Invoked command in '/home/pawo90/ros2_ws/piper_robot/build/robot_moveit_servo' returned '0': CMAKE_PREFIX_PATH=${CMAKE_PREFIX_PATH}:/home/pawo90/ros2_ws/concepts/install/topics_py_pkg:/opt/ros/jazzy DEBUGINFOD_URLS=https://debuginfod.ubuntu.com /usr/bin/cmake /home/pawo90/ros2_ws/piper_robot/src/robot_moveit_servo -DCMAKE_INSTALL_PREFIX=/home/pawo90/ros2_ws/piper_robot/install/robot_moveit_servo
[2.255s] DEBUG:colcon.colcon_core.event_handler.log_command:Invoking command in '/home/pawo90/ros2_ws/piper_robot/build/robot_moveit_servo': CMAKE_PREFIX_PATH=${CMAKE_PREFIX_PATH}:/home/pawo90/ros2_ws/concepts/install/topics_py_pkg:/opt/ros/jazzy DEBUGINFOD_URLS=https://debuginfod.ubuntu.com /usr/bin/cmake --build /home/pawo90/ros2_ws/piper_robot/build/robot_moveit_servo -- -j16 -l16
[7.378s] DEBUG:colcon.colcon_core.event_handler.log_command:Invoked command in '/home/pawo90/ros2_ws/piper_robot/build/robot_teleop' returned '0': CMAKE_PREFIX_PATH=${CMAKE_PREFIX_PATH}:/home/pawo90/ros2_ws/concepts/install/topics_py_pkg:/opt/ros/jazzy DEBUGINFOD_URLS=https://debuginfod.ubuntu.com /usr/bin/cmake --build /home/pawo90/ros2_ws/piper_robot/build/robot_teleop -- -j16 -l16
[7.378s] DEBUG:colcon.colcon_core.event_handler.log_command:Invoking command in '/home/pawo90/ros2_ws/piper_robot/build/robot_teleop': CMAKE_PREFIX_PATH=${CMAKE_PREFIX_PATH}:/home/pawo90/ros2_ws/concepts/install/topics_py_pkg:/opt/ros/jazzy DEBUGINFOD_URLS=https://debuginfod.ubuntu.com /usr/bin/cmake --install /home/pawo90/ros2_ws/piper_robot/build/robot_teleop
[7.390s] Level 1:colcon.colcon_core.environment:create_environment_scripts_only(robot_teleop)
[7.390s] Level 1:colcon.colcon_core.environment:checking '/home/pawo90/ros2_ws/piper_robot/install/robot_teleop' for CMake module files
[7.390s] DEBUG:colcon.colcon_core.event_handler.log_command:Invoked command in '/home/pawo90/ros2_ws/piper_robot/build/robot_teleop' returned '0': CMAKE_PREFIX_PATH=${CMAKE_PREFIX_PATH}:/home/pawo90/ros2_ws/concepts/install/topics_py_pkg:/opt/ros/jazzy DEBUGINFOD_URLS=https://debuginfod.ubuntu.com /usr/bin/cmake --install /home/pawo90/ros2_ws/piper_robot/build/robot_teleop
[7.390s] Level 1:colcon.colcon_core.environment:checking '/home/pawo90/ros2_ws/piper_robot/install/robot_teleop' for CMake config files
[7.391s] Level 1:colcon.colcon_core.shell:create_environment_hook('robot_teleop', 'cmake_prefix_path')
[7.391s] INFO:colcon.colcon_core.shell:Creating environment hook '/home/pawo90/ros2_ws/piper_robot/install/robot_teleop/share/robot_teleop/hook/cmake_prefix_path.ps1'
[7.391s] INFO:colcon.colcon_core.shell:Creating environment descriptor '/home/pawo90/ros2_ws/piper_robot/install/robot_teleop/share/robot_teleop/hook/cmake_prefix_path.dsv'
[7.392s] INFO:colcon.colcon_core.shell:Creating environment hook '/home/pawo90/ros2_ws/piper_robot/install/robot_teleop/share/robot_teleop/hook/cmake_prefix_path.sh'
[7.392s] Level 1:colcon.colcon_core.environment:checking '/home/pawo90/ros2_ws/piper_robot/install/robot_teleop/lib'
[7.392s] Level 1:colcon.colcon_core.environment:checking '/home/pawo90/ros2_ws/piper_robot/install/robot_teleop/bin'
[7.392s] Level 1:colcon.colcon_core.environment:checking '/home/pawo90/ros2_ws/piper_robot/install/robot_teleop/lib/pkgconfig/robot_teleop.pc'
[7.392s] Level 1:colcon.colcon_core.environment:checking '/home/pawo90/ros2_ws/piper_robot/install/robot_teleop/lib/python3.12/site-packages'
[7.393s] Level 1:colcon.colcon_core.environment:checking '/home/pawo90/ros2_ws/piper_robot/install/robot_teleop/bin'
[7.393s] INFO:colcon.colcon_core.shell:Creating package script '/home/pawo90/ros2_ws/piper_robot/install/robot_teleop/share/robot_teleop/package.ps1'
[7.393s] INFO:colcon.colcon_core.shell:Creating package descriptor '/home/pawo90/ros2_ws/piper_robot/install/robot_teleop/share/robot_teleop/package.dsv'
[7.393s] INFO:colcon.colcon_core.shell:Creating package script '/home/pawo90/ros2_ws/piper_robot/install/robot_teleop/share/robot_teleop/package.sh'
[7.393s] INFO:colcon.colcon_core.shell:Creating package script '/home/pawo90/ros2_ws/piper_robot/install/robot_teleop/share/robot_teleop/package.bash'
[7.394s] INFO:colcon.colcon_core.shell:Creating package script '/home/pawo90/ros2_ws/piper_robot/install/robot_teleop/share/robot_teleop/package.zsh'
[7.394s] Level 1:colcon.colcon_core.environment:create_file_with_runtime_dependencies(/home/pawo90/ros2_ws/piper_robot/install/robot_teleop/share/colcon-core/packages/robot_teleop)
[7.394s] Level 1:colcon.colcon_core.environment:create_environment_scripts_only(robot_teleop)
[7.394s] Level 1:colcon.colcon_core.environment:checking '/home/pawo90/ros2_ws/piper_robot/install/robot_teleop' for CMake module files
[7.394s] Level 1:colcon.colcon_core.environment:checking '/home/pawo90/ros2_ws/piper_robot/install/robot_teleop' for CMake config files
[7.394s] Level 1:colcon.colcon_core.shell:create_environment_hook('robot_teleop', 'cmake_prefix_path')
[7.394s] INFO:colcon.colcon_core.shell:Creating environment hook '/home/pawo90/ros2_ws/piper_robot/install/robot_teleop/share/robot_teleop/hook/cmake_prefix_path.ps1'
[7.395s] INFO:colcon.colcon_core.shell:Creating environment descriptor '/home/pawo90/ros2_ws/piper_robot/install/robot_teleop/share/robot_teleop/hook/cmake_prefix_path.dsv'
[7.395s] INFO:colcon.colcon_core.shell:Creating environment hook '/home/pawo90/ros2_ws/piper_robot/install/robot_teleop/share/robot_teleop/hook/cmake_prefix_path.sh'
[7.395s] Level 1:colcon.colcon_core.environment:checking '/home/pawo90/ros2_ws/piper_robot/install/robot_teleop/lib'
[7.395s] Level 1:colcon.colcon_core.environment:checking '/home/pawo90/ros2_ws/piper_robot/install/robot_teleop/bin'
[7.395s] Level 1:colcon.colcon_core.environment:checking '/home/pawo90/ros2_ws/piper_robot/install/robot_teleop/lib/pkgconfig/robot_teleop.pc'
[7.395s] Level 1:colcon.colcon_core.environment:checking '/home/pawo90/ros2_ws/piper_robot/install/robot_teleop/lib/python3.12/site-packages'
[7.395s] Level 1:colcon.colcon_core.environment:checking '/home/pawo90/ros2_ws/piper_robot/install/robot_teleop/bin'
[7.396s] INFO:colcon.colcon_core.shell:Creating package script '/home/pawo90/ros2_ws/piper_robot/install/robot_teleop/share/robot_teleop/package.ps1'
[7.396s] INFO:colcon.colcon_core.shell:Creating package descriptor '/home/pawo90/ros2_ws/piper_robot/install/robot_teleop/share/robot_teleop/package.dsv'
[7.396s] INFO:colcon.colcon_core.shell:Creating package script '/home/pawo90/ros2_ws/piper_robot/install/robot_teleop/share/robot_teleop/package.sh'
[7.396s] INFO:colcon.colcon_core.shell:Creating package script '/home/pawo90/ros2_ws/piper_robot/install/robot_teleop/share/robot_teleop/package.bash'
[7.396s] INFO:colcon.colcon_core.shell:Creating package script '/home/pawo90/ros2_ws/piper_robot/install/robot_teleop/share/robot_teleop/package.zsh'
[7.397s] Level 1:colcon.colcon_core.environment:create_file_with_runtime_dependencies(/home/pawo90/ros2_ws/piper_robot/install/robot_teleop/share/colcon-core/packages/robot_teleop)
[9.595s] DEBUG:colcon.colcon_core.event_handler.log_command:Invoked command in '/home/pawo90/ros2_ws/piper_robot/build/robot_moveit_servo' returned '0': CMAKE_PREFIX_PATH=${CMAKE_PREFIX_PATH}:/home/pawo90/ros2_ws/concepts/install/topics_py_pkg:/opt/ros/jazzy DEBUGINFOD_URLS=https://debuginfod.ubuntu.com /usr/bin/cmake --build /home/pawo90/ros2_ws/piper_robot/build/robot_moveit_servo -- -j16 -l16
[9.596s] DEBUG:colcon.colcon_core.event_handler.log_command:Invoking command in '/home/pawo90/ros2_ws/piper_robot/build/robot_moveit_servo': CMAKE_PREFIX_PATH=${CMAKE_PREFIX_PATH}:/home/pawo90/ros2_ws/concepts/install/topics_py_pkg:/opt/ros/jazzy DEBUGINFOD_URLS=https://debuginfod.ubuntu.com /usr/bin/cmake --install /home/pawo90/ros2_ws/piper_robot/build/robot_moveit_servo
[9.606s] Level 1:colcon.colcon_core.environment:create_environment_scripts_only(robot_moveit_servo)
[9.606s] DEBUG:colcon.colcon_core.event_handler.log_command:Invoked command in '/home/pawo90/ros2_ws/piper_robot/build/robot_moveit_servo' returned '0': CMAKE_PREFIX_PATH=${CMAKE_PREFIX_PATH}:/home/pawo90/ros2_ws/concepts/install/topics_py_pkg:/opt/ros/jazzy DEBUGINFOD_URLS=https://debuginfod.ubuntu.com /usr/bin/cmake --install /home/pawo90/ros2_ws/piper_robot/build/robot_moveit_servo
[9.606s] Level 1:colcon.colcon_core.environment:checking '/home/pawo90/ros2_ws/piper_robot/install/robot_moveit_servo' for CMake module files
[9.607s] Level 1:colcon.colcon_core.environment:checking '/home/pawo90/ros2_ws/piper_robot/install/robot_moveit_servo' for CMake config files
[9.608s] Level 1:colcon.colcon_core.shell:create_environment_hook('robot_moveit_servo', 'cmake_prefix_path')
[9.608s] INFO:colcon.colcon_core.shell:Creating environment hook '/home/pawo90/ros2_ws/piper_robot/install/robot_moveit_servo/share/robot_moveit_servo/hook/cmake_prefix_path.ps1'
[9.609s] INFO:colcon.colcon_core.shell:Creating environment descriptor '/home/pawo90/ros2_ws/piper_robot/install/robot_moveit_servo/share/robot_moveit_servo/hook/cmake_prefix_path.dsv'
[9.610s] INFO:colcon.colcon_core.shell:Creating environment hook '/home/pawo90/ros2_ws/piper_robot/install/robot_moveit_servo/share/robot_moveit_servo/hook/cmake_prefix_path.sh'
[9.610s] Level 1:colcon.colcon_core.environment:checking '/home/pawo90/ros2_ws/piper_robot/install/robot_moveit_servo/lib'
[9.610s] Level 1:colcon.colcon_core.environment:checking '/home/pawo90/ros2_ws/piper_robot/install/robot_moveit_servo/bin'
[9.611s] Level 1:colcon.colcon_core.environment:checking '/home/pawo90/ros2_ws/piper_robot/install/robot_moveit_servo/lib/pkgconfig/robot_moveit_servo.pc'
[9.611s] Level 1:colcon.colcon_core.environment:checking '/home/pawo90/ros2_ws/piper_robot/install/robot_moveit_servo/lib/python3.12/site-packages'
[9.611s] Level 1:colcon.colcon_core.environment:checking '/home/pawo90/ros2_ws/piper_robot/install/robot_moveit_servo/bin'
[9.612s] INFO:colcon.colcon_core.shell:Creating package script '/home/pawo90/ros2_ws/piper_robot/install/robot_moveit_servo/share/robot_moveit_servo/package.ps1'
[9.613s] INFO:colcon.colcon_core.shell:Creating package descriptor '/home/pawo90/ros2_ws/piper_robot/install/robot_moveit_servo/share/robot_moveit_servo/package.dsv'
[9.613s] INFO:colcon.colcon_core.shell:Creating package script '/home/pawo90/ros2_ws/piper_robot/install/robot_moveit_servo/share/robot_moveit_servo/package.sh'
[9.614s] INFO:colcon.colcon_core.shell:Creating package script '/home/pawo90/ros2_ws/piper_robot/install/robot_moveit_servo/share/robot_moveit_servo/package.bash'
[9.614s] INFO:colcon.colcon_core.shell:Creating package script '/home/pawo90/ros2_ws/piper_robot/install/robot_moveit_servo/share/robot_moveit_servo/package.zsh'
[9.615s] Level 1:colcon.colcon_core.environment:create_file_with_runtime_dependencies(/home/pawo90/ros2_ws/piper_robot/install/robot_moveit_servo/share/colcon-core/packages/robot_moveit_servo)
[9.615s] Level 1:colcon.colcon_core.environment:create_environment_scripts_only(robot_moveit_servo)
[9.615s] Level 1:colcon.colcon_core.environment:checking '/home/pawo90/ros2_ws/piper_robot/install/robot_moveit_servo' for CMake module files
[9.616s] Level 1:colcon.colcon_core.environment:checking '/home/pawo90/ros2_ws/piper_robot/install/robot_moveit_servo' for CMake config files
[9.616s] Level 1:colcon.colcon_core.shell:create_environment_hook('robot_moveit_servo', 'cmake_prefix_path')
[9.616s] INFO:colcon.colcon_core.shell:Creating environment hook '/home/pawo90/ros2_ws/piper_robot/install/robot_moveit_servo/share/robot_moveit_servo/hook/cmake_prefix_path.ps1'
[9.616s] INFO:colcon.colcon_core.shell:Creating environment descriptor '/home/pawo90/ros2_ws/piper_robot/install/robot_moveit_servo/share/robot_moveit_servo/hook/cmake_prefix_path.dsv'
[9.616s] INFO:colcon.colcon_core.shell:Creating environment hook '/home/pawo90/ros2_ws/piper_robot/install/robot_moveit_servo/share/robot_moveit_servo/hook/cmake_prefix_path.sh'
[9.616s] Level 1:colcon.colcon_core.environment:checking '/home/pawo90/ros2_ws/piper_robot/install/robot_moveit_servo/lib'
[9.617s] Level 1:colcon.colcon_core.environment:checking '/home/pawo90/ros2_ws/piper_robot/install/robot_moveit_servo/bin'
[9.617s] Level 1:colcon.colcon_core.environment:checking '/home/pawo90/ros2_ws/piper_robot/install/robot_moveit_servo/lib/pkgconfig/robot_moveit_servo.pc'
[9.617s] Level 1:colcon.colcon_core.environment:checking '/home/pawo90/ros2_ws/piper_robot/install/robot_moveit_servo/lib/python3.12/site-packages'
[9.617s] Level 1:colcon.colcon_core.environment:checking '/home/pawo90/ros2_ws/piper_robot/install/robot_moveit_servo/bin'
[9.617s] INFO:colcon.colcon_core.shell:Creating package script '/home/pawo90/ros2_ws/piper_robot/install/robot_moveit_servo/share/robot_moveit_servo/package.ps1'
[9.617s] INFO:colcon.colcon_core.shell:Creating package descriptor '/home/pawo90/ros2_ws/piper_robot/install/robot_moveit_servo/share/robot_moveit_servo/package.dsv'
[9.617s] INFO:colcon.colcon_core.shell:Creating package script '/home/pawo90/ros2_ws/piper_robot/install/robot_moveit_servo/share/robot_moveit_servo/package.sh'
[9.618s] INFO:colcon.colcon_core.shell:Creating package script '/home/pawo90/ros2_ws/piper_robot/install/robot_moveit_servo/share/robot_moveit_servo/package.bash'
[9.618s] INFO:colcon.colcon_core.shell:Creating package script '/home/pawo90/ros2_ws/piper_robot/install/robot_moveit_servo/share/robot_moveit_servo/package.zsh'
[9.618s] Level 1:colcon.colcon_core.environment:create_file_with_runtime_dependencies(/home/pawo90/ros2_ws/piper_robot/install/robot_moveit_servo/share/colcon-core/packages/robot_moveit_servo)
[9.618s] DEBUG:colcon.colcon_parallel_executor.executor.parallel:closing loop
[9.618s] DEBUG:colcon.colcon_parallel_executor.executor.parallel:loop closed
[9.618s] DEBUG:colcon.colcon_parallel_executor.executor.parallel:run_until_complete finished with '0'
[9.618s] DEBUG:colcon.colcon_core.event_reactor:joining thread
[9.626s] INFO:colcon.colcon_core.plugin_system:Skipping extension 'colcon_notification.desktop_notification.terminal_notifier': Not used on non-Darwin systems
[9.626s] INFO:colcon.colcon_core.plugin_system:Skipping extension 'colcon_notification.desktop_notification.win32': Not used on non-Windows systems
[9.626s] INFO:colcon.colcon_notification.desktop_notification:Sending desktop notification using 'notify2'
[9.653s] DEBUG:colcon.colcon_core.event_reactor:joined thread
[9.653s] INFO:colcon.colcon_core.shell:Creating prefix script '/home/pawo90/ros2_ws/piper_robot/install/local_setup.ps1'
[9.654s] INFO:colcon.colcon_core.shell:Creating prefix util module '/home/pawo90/ros2_ws/piper_robot/install/_local_setup_util_ps1.py'
[9.654s] INFO:colcon.colcon_core.shell:Creating prefix chain script '/home/pawo90/ros2_ws/piper_robot/install/setup.ps1'
[9.655s] INFO:colcon.colcon_core.shell:Creating prefix script '/home/pawo90/ros2_ws/piper_robot/install/local_setup.sh'
[9.655s] INFO:colcon.colcon_core.shell:Creating prefix util module '/home/pawo90/ros2_ws/piper_robot/install/_local_setup_util_sh.py'
[9.656s] INFO:colcon.colcon_core.shell:Creating prefix chain script '/home/pawo90/ros2_ws/piper_robot/install/setup.sh'
[9.656s] INFO:colcon.colcon_core.shell:Creating prefix script '/home/pawo90/ros2_ws/piper_robot/install/local_setup.bash'
[9.656s] INFO:colcon.colcon_core.shell:Creating prefix chain script '/home/pawo90/ros2_ws/piper_robot/install/setup.bash'
[9.657s] INFO:colcon.colcon_core.shell:Creating prefix script '/home/pawo90/ros2_ws/piper_robot/install/local_setup.zsh'
[9.657s] INFO:colcon.colcon_core.shell:Creating prefix chain script '/home/pawo90/ros2_ws/piper_robot/install/setup.zsh'
