[0.007s] Invoking command in '/home/pawo90/ros2_ws/piper_robot/build/robot_moveit_config': AMENT_PREFIX_PATH=/home/pawo90/ros2_ws/piper_robot/install/robot_description:${AMENT_PREFIX_PATH} CMAKE_PREFIX_PATH=/home/pawo90/ros2_ws/piper_robot/install/robot_description:/opt/ros/jazzy/opt/gz_sim_vendor:/opt/ros/jazzy/opt/gz_sensors_vendor:/opt/ros/jazzy/opt/gz_physics_vendor:/opt/ros/jazzy/opt/sdformat_vendor:/opt/ros/jazzy/opt/gz_gui_vendor:/opt/ros/jazzy/opt/gz_transport_vendor:/opt/ros/jazzy/opt/gz_rendering_vendor:/opt/ros/jazzy/opt/gz_plugin_vendor:/opt/ros/jazzy/opt/gz_fuel_tools_vendor:/opt/ros/jazzy/opt/gz_msgs_vendor:/opt/ros/jazzy/opt/gz_common_vendor:/opt/ros/jazzy/opt/gz_math_vendor:/opt/ros/jazzy/opt/gz_utils_vendor:/opt/ros/jazzy/opt/gz_tools_vendor:/opt/ros/jazzy/opt/gz_ogre_next_vendor:/opt/ros/jazzy/opt/gz_dartsim_vendor:/opt/ros/jazzy/opt/gz_cmake_vendor:/home/pawo90/ros2_ws/concepts/install/topics_py_pkg:/opt/ros/jazzy DEBUGINFOD_URLS=https://debuginfod.ubuntu.com /usr/bin/cmake /home/pawo90/ros2_ws/piper_robot/src/robot_moveit_config -DCMAKE_INSTALL_PREFIX=/home/pawo90/ros2_ws/piper_robot/install/robot_moveit_config
[0.041s] -- The C compiler identification is GNU 13.3.0
[0.077s] -- The CXX compiler identification is GNU 13.3.0
[0.090s] -- Detecting C compiler ABI info
[0.155s] -- Detecting C compiler ABI info - done
[0.160s] -- Check for working C compiler: /usr/bin/cc - skipped
[0.160s] -- Detecting C compile features
[0.160s] -- Detecting C compile features - done
[0.168s] -- Detecting CXX compiler ABI info
[0.232s] -- Detecting CXX compiler ABI info - done
[0.238s] -- Check for working CXX compiler: /usr/bin/c++ - skipped
[0.238s] -- Detecting CXX compile features
[0.238s] -- Detecting CXX compile features - done
[0.241s] -- Found ament_cmake: 2.5.6 (/opt/ros/jazzy/share/ament_cmake/cmake)
[0.335s] -- Found Python3: /usr/bin/python3 (found version "3.12.3") found components: Interpreter 
[0.461s] -- Configuring done (0.4s)
[0.462s] -- Generating done (0.0s)
[0.463s] -- Build files have been written to: /home/pawo90/ros2_ws/piper_robot/build/robot_moveit_config
[0.465s] Invoked command in '/home/pawo90/ros2_ws/piper_robot/build/robot_moveit_config' returned '0': AMENT_PREFIX_PATH=/home/pawo90/ros2_ws/piper_robot/install/robot_description:${AMENT_PREFIX_PATH} CMAKE_PREFIX_PATH=/home/pawo90/ros2_ws/piper_robot/install/robot_description:/opt/ros/jazzy/opt/gz_sim_vendor:/opt/ros/jazzy/opt/gz_sensors_vendor:/opt/ros/jazzy/opt/gz_physics_vendor:/opt/ros/jazzy/opt/sdformat_vendor:/opt/ros/jazzy/opt/gz_gui_vendor:/opt/ros/jazzy/opt/gz_transport_vendor:/opt/ros/jazzy/opt/gz_rendering_vendor:/opt/ros/jazzy/opt/gz_plugin_vendor:/opt/ros/jazzy/opt/gz_fuel_tools_vendor:/opt/ros/jazzy/opt/gz_msgs_vendor:/opt/ros/jazzy/opt/gz_common_vendor:/opt/ros/jazzy/opt/gz_math_vendor:/opt/ros/jazzy/opt/gz_utils_vendor:/opt/ros/jazzy/opt/gz_tools_vendor:/opt/ros/jazzy/opt/gz_ogre_next_vendor:/opt/ros/jazzy/opt/gz_dartsim_vendor:/opt/ros/jazzy/opt/gz_cmake_vendor:/home/pawo90/ros2_ws/concepts/install/topics_py_pkg:/opt/ros/jazzy DEBUGINFOD_URLS=https://debuginfod.ubuntu.com /usr/bin/cmake /home/pawo90/ros2_ws/piper_robot/src/robot_moveit_config -DCMAKE_INSTALL_PREFIX=/home/pawo90/ros2_ws/piper_robot/install/robot_moveit_config
[0.466s] Invoking command in '/home/pawo90/ros2_ws/piper_robot/build/robot_moveit_config': AMENT_PREFIX_PATH=/home/pawo90/ros2_ws/piper_robot/install/robot_description:${AMENT_PREFIX_PATH} CMAKE_PREFIX_PATH=/home/pawo90/ros2_ws/piper_robot/install/robot_description:/opt/ros/jazzy/opt/gz_sim_vendor:/opt/ros/jazzy/opt/gz_sensors_vendor:/opt/ros/jazzy/opt/gz_physics_vendor:/opt/ros/jazzy/opt/sdformat_vendor:/opt/ros/jazzy/opt/gz_gui_vendor:/opt/ros/jazzy/opt/gz_transport_vendor:/opt/ros/jazzy/opt/gz_rendering_vendor:/opt/ros/jazzy/opt/gz_plugin_vendor:/opt/ros/jazzy/opt/gz_fuel_tools_vendor:/opt/ros/jazzy/opt/gz_msgs_vendor:/opt/ros/jazzy/opt/gz_common_vendor:/opt/ros/jazzy/opt/gz_math_vendor:/opt/ros/jazzy/opt/gz_utils_vendor:/opt/ros/jazzy/opt/gz_tools_vendor:/opt/ros/jazzy/opt/gz_ogre_next_vendor:/opt/ros/jazzy/opt/gz_dartsim_vendor:/opt/ros/jazzy/opt/gz_cmake_vendor:/home/pawo90/ros2_ws/concepts/install/topics_py_pkg:/opt/ros/jazzy DEBUGINFOD_URLS=https://debuginfod.ubuntu.com /usr/bin/cmake --build /home/pawo90/ros2_ws/piper_robot/build/robot_moveit_config -- -j16 -l16
[0.493s] Invoked command in '/home/pawo90/ros2_ws/piper_robot/build/robot_moveit_config' returned '0': AMENT_PREFIX_PATH=/home/pawo90/ros2_ws/piper_robot/install/robot_description:${AMENT_PREFIX_PATH} CMAKE_PREFIX_PATH=/home/pawo90/ros2_ws/piper_robot/install/robot_description:/opt/ros/jazzy/opt/gz_sim_vendor:/opt/ros/jazzy/opt/gz_sensors_vendor:/opt/ros/jazzy/opt/gz_physics_vendor:/opt/ros/jazzy/opt/sdformat_vendor:/opt/ros/jazzy/opt/gz_gui_vendor:/opt/ros/jazzy/opt/gz_transport_vendor:/opt/ros/jazzy/opt/gz_rendering_vendor:/opt/ros/jazzy/opt/gz_plugin_vendor:/opt/ros/jazzy/opt/gz_fuel_tools_vendor:/opt/ros/jazzy/opt/gz_msgs_vendor:/opt/ros/jazzy/opt/gz_common_vendor:/opt/ros/jazzy/opt/gz_math_vendor:/opt/ros/jazzy/opt/gz_utils_vendor:/opt/ros/jazzy/opt/gz_tools_vendor:/opt/ros/jazzy/opt/gz_ogre_next_vendor:/opt/ros/jazzy/opt/gz_dartsim_vendor:/opt/ros/jazzy/opt/gz_cmake_vendor:/home/pawo90/ros2_ws/concepts/install/topics_py_pkg:/opt/ros/jazzy DEBUGINFOD_URLS=https://debuginfod.ubuntu.com /usr/bin/cmake --build /home/pawo90/ros2_ws/piper_robot/build/robot_moveit_config -- -j16 -l16
[0.493s] Invoking command in '/home/pawo90/ros2_ws/piper_robot/build/robot_moveit_config': AMENT_PREFIX_PATH=/home/pawo90/ros2_ws/piper_robot/install/robot_description:${AMENT_PREFIX_PATH} CMAKE_PREFIX_PATH=/home/pawo90/ros2_ws/piper_robot/install/robot_description:/opt/ros/jazzy/opt/gz_sim_vendor:/opt/ros/jazzy/opt/gz_sensors_vendor:/opt/ros/jazzy/opt/gz_physics_vendor:/opt/ros/jazzy/opt/sdformat_vendor:/opt/ros/jazzy/opt/gz_gui_vendor:/opt/ros/jazzy/opt/gz_transport_vendor:/opt/ros/jazzy/opt/gz_rendering_vendor:/opt/ros/jazzy/opt/gz_plugin_vendor:/opt/ros/jazzy/opt/gz_fuel_tools_vendor:/opt/ros/jazzy/opt/gz_msgs_vendor:/opt/ros/jazzy/opt/gz_common_vendor:/opt/ros/jazzy/opt/gz_math_vendor:/opt/ros/jazzy/opt/gz_utils_vendor:/opt/ros/jazzy/opt/gz_tools_vendor:/opt/ros/jazzy/opt/gz_ogre_next_vendor:/opt/ros/jazzy/opt/gz_dartsim_vendor:/opt/ros/jazzy/opt/gz_cmake_vendor:/home/pawo90/ros2_ws/concepts/install/topics_py_pkg:/opt/ros/jazzy DEBUGINFOD_URLS=https://debuginfod.ubuntu.com /usr/bin/cmake --install /home/pawo90/ros2_ws/piper_robot/build/robot_moveit_config
[0.500s] -- Install configuration: ""
[0.500s] -- Installing: /home/pawo90/ros2_ws/piper_robot/install/robot_moveit_config/share/ament_index/resource_index/package_run_dependencies/robot_moveit_config
[0.500s] -- Installing: /home/pawo90/ros2_ws/piper_robot/install/robot_moveit_config/share/ament_index/resource_index/parent_prefix_path/robot_moveit_config
[0.501s] -- Installing: /home/pawo90/ros2_ws/piper_robot/install/robot_moveit_config/share/robot_moveit_config/environment/ament_prefix_path.sh
[0.501s] -- Installing: /home/pawo90/ros2_ws/piper_robot/install/robot_moveit_config/share/robot_moveit_config/environment/ament_prefix_path.dsv
[0.501s] -- Installing: /home/pawo90/ros2_ws/piper_robot/install/robot_moveit_config/share/robot_moveit_config/environment/path.sh
[0.501s] -- Installing: /home/pawo90/ros2_ws/piper_robot/install/robot_moveit_config/share/robot_moveit_config/environment/path.dsv
[0.501s] -- Installing: /home/pawo90/ros2_ws/piper_robot/install/robot_moveit_config/share/robot_moveit_config/local_setup.bash
[0.501s] -- Installing: /home/pawo90/ros2_ws/piper_robot/install/robot_moveit_config/share/robot_moveit_config/local_setup.sh
[0.501s] -- Installing: /home/pawo90/ros2_ws/piper_robot/install/robot_moveit_config/share/robot_moveit_config/local_setup.zsh
[0.501s] -- Installing: /home/pawo90/ros2_ws/piper_robot/install/robot_moveit_config/share/robot_moveit_config/local_setup.dsv
[0.501s] -- Installing: /home/pawo90/ros2_ws/piper_robot/install/robot_moveit_config/share/robot_moveit_config/package.dsv
[0.501s] -- Installing: /home/pawo90/ros2_ws/piper_robot/install/robot_moveit_config/share/ament_index/resource_index/packages/robot_moveit_config
[0.501s] -- Installing: /home/pawo90/ros2_ws/piper_robot/install/robot_moveit_config/share/robot_moveit_config/cmake/robot_moveit_configConfig.cmake
[0.501s] -- Installing: /home/pawo90/ros2_ws/piper_robot/install/robot_moveit_config/share/robot_moveit_config/cmake/robot_moveit_configConfig-version.cmake
[0.501s] -- Installing: /home/pawo90/ros2_ws/piper_robot/install/robot_moveit_config/share/robot_moveit_config/package.xml
[0.501s] -- Installing: /home/pawo90/ros2_ws/piper_robot/install/robot_moveit_config/share/robot_moveit_config/launch
[0.502s] -- Installing: /home/pawo90/ros2_ws/piper_robot/install/robot_moveit_config/share/robot_moveit_config/launch/rsp.launch.py
[0.502s] -- Installing: /home/pawo90/ros2_ws/piper_robot/install/robot_moveit_config/share/robot_moveit_config/launch/move_group.launch.py
[0.502s] -- Installing: /home/pawo90/ros2_ws/piper_robot/install/robot_moveit_config/share/robot_moveit_config/launch/static_virtual_joint_tfs.launch.py
[0.502s] -- Installing: /home/pawo90/ros2_ws/piper_robot/install/robot_moveit_config/share/robot_moveit_config/launch/setup_assistant.launch.py
[0.503s] -- Installing: /home/pawo90/ros2_ws/piper_robot/install/robot_moveit_config/share/robot_moveit_config/launch/moveit_rviz.launch.py
[0.503s] -- Installing: /home/pawo90/ros2_ws/piper_robot/install/robot_moveit_config/share/robot_moveit_config/launch/warehouse_db.launch.py
[0.503s] -- Installing: /home/pawo90/ros2_ws/piper_robot/install/robot_moveit_config/share/robot_moveit_config/launch/demo.launch.py
[0.503s] -- Installing: /home/pawo90/ros2_ws/piper_robot/install/robot_moveit_config/share/robot_moveit_config/launch/spawn_controllers.launch.py
[0.503s] -- Installing: /home/pawo90/ros2_ws/piper_robot/install/robot_moveit_config/share/robot_moveit_config/config
[0.503s] -- Installing: /home/pawo90/ros2_ws/piper_robot/install/robot_moveit_config/share/robot_moveit_config/config/moveit_controllers.yaml
[0.504s] -- Installing: /home/pawo90/ros2_ws/piper_robot/install/robot_moveit_config/share/robot_moveit_config/config/moveit.rviz
[0.504s] -- Installing: /home/pawo90/ros2_ws/piper_robot/install/robot_moveit_config/share/robot_moveit_config/config/piper_arm.ros2_control.xacro
[0.504s] -- Installing: /home/pawo90/ros2_ws/piper_robot/install/robot_moveit_config/share/robot_moveit_config/config/joint_limits.yaml
[0.504s] -- Installing: /home/pawo90/ros2_ws/piper_robot/install/robot_moveit_config/share/robot_moveit_config/config/piper_arm.srdf
[0.505s] -- Installing: /home/pawo90/ros2_ws/piper_robot/install/robot_moveit_config/share/robot_moveit_config/config/kinematics.yaml
[0.505s] -- Installing: /home/pawo90/ros2_ws/piper_robot/install/robot_moveit_config/share/robot_moveit_config/config/pilz_cartesian_limits.yaml
[0.505s] -- Installing: /home/pawo90/ros2_ws/piper_robot/install/robot_moveit_config/share/robot_moveit_config/config/piper_arm.urdf.xacro
[0.505s] -- Installing: /home/pawo90/ros2_ws/piper_robot/install/robot_moveit_config/share/robot_moveit_config/config/ros2_controllers.yaml
[0.505s] -- Installing: /home/pawo90/ros2_ws/piper_robot/install/robot_moveit_config/share/robot_moveit_config/config/initial_positions.yaml
[0.506s] -- Installing: /home/pawo90/ros2_ws/piper_robot/install/robot_moveit_config/share/robot_moveit_config/.setup_assistant
[0.507s] Invoked command in '/home/pawo90/ros2_ws/piper_robot/build/robot_moveit_config' returned '0': AMENT_PREFIX_PATH=/home/pawo90/ros2_ws/piper_robot/install/robot_description:${AMENT_PREFIX_PATH} CMAKE_PREFIX_PATH=/home/pawo90/ros2_ws/piper_robot/install/robot_description:/opt/ros/jazzy/opt/gz_sim_vendor:/opt/ros/jazzy/opt/gz_sensors_vendor:/opt/ros/jazzy/opt/gz_physics_vendor:/opt/ros/jazzy/opt/sdformat_vendor:/opt/ros/jazzy/opt/gz_gui_vendor:/opt/ros/jazzy/opt/gz_transport_vendor:/opt/ros/jazzy/opt/gz_rendering_vendor:/opt/ros/jazzy/opt/gz_plugin_vendor:/opt/ros/jazzy/opt/gz_fuel_tools_vendor:/opt/ros/jazzy/opt/gz_msgs_vendor:/opt/ros/jazzy/opt/gz_common_vendor:/opt/ros/jazzy/opt/gz_math_vendor:/opt/ros/jazzy/opt/gz_utils_vendor:/opt/ros/jazzy/opt/gz_tools_vendor:/opt/ros/jazzy/opt/gz_ogre_next_vendor:/opt/ros/jazzy/opt/gz_dartsim_vendor:/opt/ros/jazzy/opt/gz_cmake_vendor:/home/pawo90/ros2_ws/concepts/install/topics_py_pkg:/opt/ros/jazzy DEBUGINFOD_URLS=https://debuginfod.ubuntu.com /usr/bin/cmake --install /home/pawo90/ros2_ws/piper_robot/build/robot_moveit_config
