-- The C compiler identification is GNU 13.3.0
-- The CXX compiler identification is GNU 13.3.0
-- Detecting C compiler ABI info
-- Detecting C compiler ABI info - done
-- Check for working C compiler: /usr/bin/cc - skipped
-- Detecting C compile features
-- Detecting C compile features - done
-- Detecting CXX compiler ABI info
-- Detecting CXX compiler ABI info - done
-- Check for working CXX compiler: /usr/bin/c++ - skipped
-- Detecting CXX compile features
-- Detecting CXX compile features - done
-- Found ament_cmake: 2.5.6 (/opt/ros/jazzy/share/ament_cmake/cmake)
-- Found Python3: /usr/bin/python3 (found version "3.12.3") found components: Interpreter 
-- Found rclcpp: 28.1.18 (/opt/ros/jazzy/share/rclcpp/cmake)
-- Found rosidl_generator_c: 4.6.7 (/opt/ros/jazzy/share/rosidl_generator_c/cmake)
-- Found rosidl_generator_cpp: 4.6.7 (/opt/ros/jazzy/share/rosidl_generator_cpp/cmake)
-- Using all available rosidl_typesupport_c: rosidl_typesupport_fastrtps_c;rosidl_typesupport_introspection_c
-- Using all available rosidl_typesupport_cpp: rosidl_typesupport_fastrtps_cpp;rosidl_typesupport_introspection_cpp
-- Found rmw_implementation_cmake: 7.3.3 (/opt/ros/jazzy/share/rmw_implementation_cmake/cmake)
-- Found rmw_fastrtps_cpp: 8.4.3 (/opt/ros/jazzy/share/rmw_fastrtps_cpp/cmake)
-- Found OpenSSL: /usr/lib/x86_64-linux-gnu/libcrypto.so (found version "3.0.13")  
-- Found FastRTPS: /opt/ros/jazzy/include (Required is at least version "2.13") 
-- Using RMW implementation 'rmw_fastrtps_cpp' as default
-- Found moveit_servo: 2.12.4 (/opt/ros/jazzy/share/moveit_servo/cmake)
-- Found Boost: /usr/lib/x86_64-linux-gnu/cmake/Boost-1.83.0/BoostConfig.cmake (found version "1.83.0") found components: chrono date_time filesystem iostreams program_options regex serialization system thread 
-- Found Boost: /usr/lib/x86_64-linux-gnu/cmake/Boost-1.83.0/BoostConfig.cmake (found version "1.83.0") found components: filesystem 
-- Found Eigen3: TRUE (found version "3.4.0") 
-- Ensuring Eigen3 include directory is part of orocos-kdl CMake target
-- Found Boost: /usr/lib/x86_64-linux-gnu/cmake/Boost-1.83.0/BoostConfig.cmake (found version "1.83.0") found components: system filesystem date_time program_options thread chrono 
-- Found Boost: /usr/lib/x86_64-linux-gnu/cmake/Boost-1.83.0/BoostConfig.cmake (found version "1.83.0") found components: date_time filesystem program_options system thread 
-- Found Boost: /usr/lib/x86_64-linux-gnu/cmake/Boost-1.83.0/BoostConfig.cmake (found version "1.83.0") found components: thread system filesystem regex date_time program_options 
-- Found Boost: /usr/lib/x86_64-linux-gnu/cmake/Boost-1.83.0/BoostConfig.cmake (found version "1.83.0") found components: system filesystem date_time program_options thread 
-- Configuring done (2.0s)
-- Generating done (0.0s)
-- Build files have been written to: /home/pawo90/ros2_ws/piper_robot/build/robot_moveit_servo
[ 50%] [32mBuilding CXX object CMakeFiles/servo_node.dir/src/servo_node.cpp.o[0m
[100%] [32m[1mLinking CXX executable servo_node[0m
[100%] Built target servo_node
-- Install configuration: ""
-- Installing: /home/pawo90/ros2_ws/piper_robot/install/robot_moveit_servo/lib/robot_moveit_servo/servo_node
-- Set non-toolchain portion of runtime path of "/home/pawo90/ros2_ws/piper_robot/install/robot_moveit_servo/lib/robot_moveit_servo/servo_node" to ""
-- Installing: /home/pawo90/ros2_ws/piper_robot/install/robot_moveit_servo/share/robot_moveit_servo//config
-- Installing: /home/pawo90/ros2_ws/piper_robot/install/robot_moveit_servo/share/robot_moveit_servo//config/servo_parameters.yaml
-- Installing: /home/pawo90/ros2_ws/piper_robot/install/robot_moveit_servo/share/robot_moveit_servo//include
-- Installing: /home/pawo90/ros2_ws/piper_robot/install/robot_moveit_servo/share/robot_moveit_servo//include/robot_moveit_servo
-- Installing: /home/pawo90/ros2_ws/piper_robot/install/robot_moveit_servo/share/robot_moveit_servo//launch
-- Installing: /home/pawo90/ros2_ws/piper_robot/install/robot_moveit_servo/share/robot_moveit_servo//launch/servo_cpp.launch.py
-- Installing: /home/pawo90/ros2_ws/piper_robot/install/robot_moveit_servo/share/robot_moveit_servo//launch/servo.launch.py
-- Installing: /home/pawo90/ros2_ws/piper_robot/install/robot_moveit_servo/share/robot_moveit_servo//rviz
-- Installing: /home/pawo90/ros2_ws/piper_robot/install/robot_moveit_servo/share/robot_moveit_servo//src
-- Installing: /home/pawo90/ros2_ws/piper_robot/install/robot_moveit_servo/share/robot_moveit_servo//src/servo_node.cpp
-- Installing: /home/pawo90/ros2_ws/piper_robot/install/robot_moveit_servo/share/ament_index/resource_index/package_run_dependencies/robot_moveit_servo
-- Installing: /home/pawo90/ros2_ws/piper_robot/install/robot_moveit_servo/share/ament_index/resource_index/parent_prefix_path/robot_moveit_servo
-- Installing: /home/pawo90/ros2_ws/piper_robot/install/robot_moveit_servo/share/robot_moveit_servo/environment/ament_prefix_path.sh
-- Installing: /home/pawo90/ros2_ws/piper_robot/install/robot_moveit_servo/share/robot_moveit_servo/environment/ament_prefix_path.dsv
-- Installing: /home/pawo90/ros2_ws/piper_robot/install/robot_moveit_servo/share/robot_moveit_servo/environment/path.sh
-- Installing: /home/pawo90/ros2_ws/piper_robot/install/robot_moveit_servo/share/robot_moveit_servo/environment/path.dsv
-- Installing: /home/pawo90/ros2_ws/piper_robot/install/robot_moveit_servo/share/robot_moveit_servo/local_setup.bash
-- Installing: /home/pawo90/ros2_ws/piper_robot/install/robot_moveit_servo/share/robot_moveit_servo/local_setup.sh
-- Installing: /home/pawo90/ros2_ws/piper_robot/install/robot_moveit_servo/share/robot_moveit_servo/local_setup.zsh
-- Installing: /home/pawo90/ros2_ws/piper_robot/install/robot_moveit_servo/share/robot_moveit_servo/local_setup.dsv
-- Installing: /home/pawo90/ros2_ws/piper_robot/install/robot_moveit_servo/share/robot_moveit_servo/package.dsv
-- Installing: /home/pawo90/ros2_ws/piper_robot/install/robot_moveit_servo/share/ament_index/resource_index/packages/robot_moveit_servo
-- Installing: /home/pawo90/ros2_ws/piper_robot/install/robot_moveit_servo/share/robot_moveit_servo/cmake/robot_moveit_servoConfig.cmake
-- Installing: /home/pawo90/ros2_ws/piper_robot/install/robot_moveit_servo/share/robot_moveit_servo/cmake/robot_moveit_servoConfig-version.cmake
-- Installing: /home/pawo90/ros2_ws/piper_robot/install/robot_moveit_servo/share/robot_moveit_servo/package.xml
