[0.014s] Invoking command in '/home/pawo90/ros2_ws/piper_robot/build/robot_moveit_servo': CMAKE_PREFIX_PATH=${CMAKE_PREFIX_PATH}:/home/pawo90/ros2_ws/concepts/install/topics_py_pkg:/opt/ros/jazzy DEBUGINFOD_URLS=https://debuginfod.ubuntu.com /usr/bin/cmake /home/pawo90/ros2_ws/piper_robot/src/robot_moveit_servo -DCMAKE_INSTALL_PREFIX=/home/pawo90/ros2_ws/piper_robot/install/robot_moveit_servo
[0.263s] -- The C compiler identification is GNU 13.3.0
[0.388s] -- The CXX compiler identification is GNU 13.3.0
[0.404s] -- Detecting C compiler ABI info
[0.480s] -- Detecting C compiler ABI info - done
[0.488s] -- Check for working C compiler: /usr/bin/cc - skipped
[0.488s] -- Detecting C compile features
[0.488s] -- Detecting C compile features - done
[0.495s] -- Detecting CXX compiler ABI info
[0.557s] -- Detecting CXX compiler ABI info - done
[0.563s] -- Check for working CXX compiler: /usr/bin/c++ - skipped
[0.563s] -- Detecting CXX compile features
[0.563s] -- Detecting CXX compile features - done
[0.567s] -- Found ament_cmake: 2.5.6 (/opt/ros/jazzy/share/ament_cmake/cmake)
[0.674s] -- Found Python3: /usr/bin/python3 (found version "3.12.3") found components: Interpreter 
[0.774s] -- Found rclcpp: 28.1.18 (/opt/ros/jazzy/share/rclcpp/cmake)
[0.825s] -- Found rosidl_generator_c: 4.6.7 (/opt/ros/jazzy/share/rosidl_generator_c/cmake)
[0.840s] -- Found rosidl_generator_cpp: 4.6.7 (/opt/ros/jazzy/share/rosidl_generator_cpp/cmake)
[0.863s] -- Using all available rosidl_typesupport_c: rosidl_typesupport_fastrtps_c;rosidl_typesupport_introspection_c
[0.885s] -- Using all available rosidl_typesupport_cpp: rosidl_typesupport_fastrtps_cpp;rosidl_typesupport_introspection_cpp
[0.975s] -- Found rmw_implementation_cmake: 7.3.3 (/opt/ros/jazzy/share/rmw_implementation_cmake/cmake)
[0.979s] -- Found rmw_fastrtps_cpp: 8.4.3 (/opt/ros/jazzy/share/rmw_fastrtps_cpp/cmake)
[1.063s] -- Found OpenSSL: /usr/lib/x86_64-linux-gnu/libcrypto.so (found version "3.0.13")  
[1.077s] -- Found FastRTPS: /opt/ros/jazzy/include (Required is at least version "2.13") 
[1.097s] -- Using RMW implementation 'rmw_fastrtps_cpp' as default
[1.169s] -- Found moveit_servo: 2.12.4 (/opt/ros/jazzy/share/moveit_servo/cmake)
[1.485s] -- Found Boost: /usr/lib/x86_64-linux-gnu/cmake/Boost-1.83.0/BoostConfig.cmake (found version "1.83.0") found components: chrono date_time filesystem iostreams program_options regex serialization system thread 
[1.541s] -- Found Boost: /usr/lib/x86_64-linux-gnu/cmake/Boost-1.83.0/BoostConfig.cmake (found version "1.83.0") found components: filesystem 
[1.613s] -- Found Eigen3: TRUE (found version "3.4.0") 
[1.613s] -- Ensuring Eigen3 include directory is part of orocos-kdl CMake target
[1.868s] -- Found Boost: /usr/lib/x86_64-linux-gnu/cmake/Boost-1.83.0/BoostConfig.cmake (found version "1.83.0") found components: system filesystem date_time program_options thread chrono 
[1.906s] -- Found Boost: /usr/lib/x86_64-linux-gnu/cmake/Boost-1.83.0/BoostConfig.cmake (found version "1.83.0") found components: date_time filesystem program_options system thread 
[1.920s] -- Found Boost: /usr/lib/x86_64-linux-gnu/cmake/Boost-1.83.0/BoostConfig.cmake (found version "1.83.0") found components: thread system filesystem regex date_time program_options 
[1.943s] -- Found Boost: /usr/lib/x86_64-linux-gnu/cmake/Boost-1.83.0/BoostConfig.cmake (found version "1.83.0") found components: system filesystem date_time program_options thread 
[2.044s] -- Configuring done (2.0s)
[2.074s] -- Generating done (0.0s)
[2.078s] -- Build files have been written to: /home/pawo90/ros2_ws/piper_robot/build/robot_moveit_servo
[2.087s] Invoked command in '/home/pawo90/ros2_ws/piper_robot/build/robot_moveit_servo' returned '0': CMAKE_PREFIX_PATH=${CMAKE_PREFIX_PATH}:/home/pawo90/ros2_ws/concepts/install/topics_py_pkg:/opt/ros/jazzy DEBUGINFOD_URLS=https://debuginfod.ubuntu.com /usr/bin/cmake /home/pawo90/ros2_ws/piper_robot/src/robot_moveit_servo -DCMAKE_INSTALL_PREFIX=/home/pawo90/ros2_ws/piper_robot/install/robot_moveit_servo
[2.087s] Invoking command in '/home/pawo90/ros2_ws/piper_robot/build/robot_moveit_servo': CMAKE_PREFIX_PATH=${CMAKE_PREFIX_PATH}:/home/pawo90/ros2_ws/concepts/install/topics_py_pkg:/opt/ros/jazzy DEBUGINFOD_URLS=https://debuginfod.ubuntu.com /usr/bin/cmake --build /home/pawo90/ros2_ws/piper_robot/build/robot_moveit_servo -- -j16 -l16
[2.125s] [ 50%] [32mBuilding CXX object CMakeFiles/servo_node.dir/src/servo_node.cpp.o[0m
[8.993s] [100%] [32m[1mLinking CXX executable servo_node[0m
[9.419s] [100%] Built target servo_node
[9.427s] Invoked command in '/home/pawo90/ros2_ws/piper_robot/build/robot_moveit_servo' returned '0': CMAKE_PREFIX_PATH=${CMAKE_PREFIX_PATH}:/home/pawo90/ros2_ws/concepts/install/topics_py_pkg:/opt/ros/jazzy DEBUGINFOD_URLS=https://debuginfod.ubuntu.com /usr/bin/cmake --build /home/pawo90/ros2_ws/piper_robot/build/robot_moveit_servo -- -j16 -l16
[9.428s] Invoking command in '/home/pawo90/ros2_ws/piper_robot/build/robot_moveit_servo': CMAKE_PREFIX_PATH=${CMAKE_PREFIX_PATH}:/home/pawo90/ros2_ws/concepts/install/topics_py_pkg:/opt/ros/jazzy DEBUGINFOD_URLS=https://debuginfod.ubuntu.com /usr/bin/cmake --install /home/pawo90/ros2_ws/piper_robot/build/robot_moveit_servo
[9.432s] -- Install configuration: ""
[9.432s] -- Installing: /home/pawo90/ros2_ws/piper_robot/install/robot_moveit_servo/lib/robot_moveit_servo/servo_node
[9.433s] -- Set non-toolchain portion of runtime path of "/home/pawo90/ros2_ws/piper_robot/install/robot_moveit_servo/lib/robot_moveit_servo/servo_node" to ""
[9.433s] -- Installing: /home/pawo90/ros2_ws/piper_robot/install/robot_moveit_servo/share/robot_moveit_servo//config
[9.434s] -- Installing: /home/pawo90/ros2_ws/piper_robot/install/robot_moveit_servo/share/robot_moveit_servo//config/servo_parameters.yaml
[9.434s] -- Installing: /home/pawo90/ros2_ws/piper_robot/install/robot_moveit_servo/share/robot_moveit_servo//include
[9.434s] -- Installing: /home/pawo90/ros2_ws/piper_robot/install/robot_moveit_servo/share/robot_moveit_servo//include/robot_moveit_servo
[9.434s] -- Installing: /home/pawo90/ros2_ws/piper_robot/install/robot_moveit_servo/share/robot_moveit_servo//launch
[9.434s] -- Installing: /home/pawo90/ros2_ws/piper_robot/install/robot_moveit_servo/share/robot_moveit_servo//launch/servo_cpp.launch.py
[9.435s] -- Installing: /home/pawo90/ros2_ws/piper_robot/install/robot_moveit_servo/share/robot_moveit_servo//launch/servo.launch.py
[9.435s] -- Installing: /home/pawo90/ros2_ws/piper_robot/install/robot_moveit_servo/share/robot_moveit_servo//rviz
[9.435s] -- Installing: /home/pawo90/ros2_ws/piper_robot/install/robot_moveit_servo/share/robot_moveit_servo//src
[9.435s] -- Installing: /home/pawo90/ros2_ws/piper_robot/install/robot_moveit_servo/share/robot_moveit_servo//src/servo_node.cpp
[9.435s] -- Installing: /home/pawo90/ros2_ws/piper_robot/install/robot_moveit_servo/share/ament_index/resource_index/package_run_dependencies/robot_moveit_servo
[9.435s] -- Installing: /home/pawo90/ros2_ws/piper_robot/install/robot_moveit_servo/share/ament_index/resource_index/parent_prefix_path/robot_moveit_servo
[9.436s] -- Installing: /home/pawo90/ros2_ws/piper_robot/install/robot_moveit_servo/share/robot_moveit_servo/environment/ament_prefix_path.sh
[9.436s] -- Installing: /home/pawo90/ros2_ws/piper_robot/install/robot_moveit_servo/share/robot_moveit_servo/environment/ament_prefix_path.dsv
[9.436s] -- Installing: /home/pawo90/ros2_ws/piper_robot/install/robot_moveit_servo/share/robot_moveit_servo/environment/path.sh
[9.436s] -- Installing: /home/pawo90/ros2_ws/piper_robot/install/robot_moveit_servo/share/robot_moveit_servo/environment/path.dsv
[9.436s] -- Installing: /home/pawo90/ros2_ws/piper_robot/install/robot_moveit_servo/share/robot_moveit_servo/local_setup.bash
[9.436s] -- Installing: /home/pawo90/ros2_ws/piper_robot/install/robot_moveit_servo/share/robot_moveit_servo/local_setup.sh
[9.436s] -- Installing: /home/pawo90/ros2_ws/piper_robot/install/robot_moveit_servo/share/robot_moveit_servo/local_setup.zsh
[9.436s] -- Installing: /home/pawo90/ros2_ws/piper_robot/install/robot_moveit_servo/share/robot_moveit_servo/local_setup.dsv
[9.436s] -- Installing: /home/pawo90/ros2_ws/piper_robot/install/robot_moveit_servo/share/robot_moveit_servo/package.dsv
[9.436s] -- Installing: /home/pawo90/ros2_ws/piper_robot/install/robot_moveit_servo/share/ament_index/resource_index/packages/robot_moveit_servo
[9.436s] -- Installing: /home/pawo90/ros2_ws/piper_robot/install/robot_moveit_servo/share/robot_moveit_servo/cmake/robot_moveit_servoConfig.cmake
[9.436s] -- Installing: /home/pawo90/ros2_ws/piper_robot/install/robot_moveit_servo/share/robot_moveit_servo/cmake/robot_moveit_servoConfig-version.cmake
[9.436s] -- Installing: /home/pawo90/ros2_ws/piper_robot/install/robot_moveit_servo/share/robot_moveit_servo/package.xml
[9.438s] Invoked command in '/home/pawo90/ros2_ws/piper_robot/build/robot_moveit_servo' returned '0': CMAKE_PREFIX_PATH=${CMAKE_PREFIX_PATH}:/home/pawo90/ros2_ws/concepts/install/topics_py_pkg:/opt/ros/jazzy DEBUGINFOD_URLS=https://debuginfod.ubuntu.com /usr/bin/cmake --install /home/pawo90/ros2_ws/piper_robot/build/robot_moveit_servo
