[0.011s] Invoking command in '/home/pawo90/ros2_ws/piper_robot/build/robot_description': CMAKE_PREFIX_PATH=${CMAKE_PREFIX_PATH}:/home/pawo90/ros2_ws/concepts/install/topics_py_pkg:/opt/ros/jazzy DEBUGINFOD_URLS=https://debuginfod.ubuntu.com /usr/bin/cmake /home/pawo90/ros2_ws/piper_robot/src/robot_description -DCMAKE_INSTALL_PREFIX=/home/pawo90/ros2_ws/piper_robot/install/robot_description
[0.268s] -- The C compiler identification is GNU 13.3.0
[0.394s] -- The CXX compiler identification is GNU 13.3.0
[0.410s] -- Detecting C compiler ABI info
[0.492s] -- Detecting C compiler ABI info - done
[0.503s] -- Check for working C compiler: /usr/bin/cc - skipped
[0.503s] -- Detecting C compile features
[0.503s] -- Detecting C compile features - done
[0.511s] -- Detecting CXX compiler ABI info
[0.582s] -- Detecting CXX compiler ABI info - done
[0.590s] -- Check for working CXX compiler: /usr/bin/c++ - skipped
[0.590s] -- Detecting CXX compile features
[0.590s] -- Detecting CXX compile features - done
[0.592s] -- Found ament_cmake: 2.5.6 (/opt/ros/jazzy/share/ament_cmake/cmake)
[0.689s] -- Found Python3: /usr/bin/python3 (found version "3.12.3") found components: Interpreter 
[0.834s] -- Configuring done (0.8s)
[0.836s] -- Generating done (0.0s)
[0.837s] -- Build files have been written to: /home/pawo90/ros2_ws/piper_robot/build/robot_description
[0.842s] Invoked command in '/home/pawo90/ros2_ws/piper_robot/build/robot_description' returned '0': CMAKE_PREFIX_PATH=${CMAKE_PREFIX_PATH}:/home/pawo90/ros2_ws/concepts/install/topics_py_pkg:/opt/ros/jazzy DEBUGINFOD_URLS=https://debuginfod.ubuntu.com /usr/bin/cmake /home/pawo90/ros2_ws/piper_robot/src/robot_description -DCMAKE_INSTALL_PREFIX=/home/pawo90/ros2_ws/piper_robot/install/robot_description
[0.843s] Invoking command in '/home/pawo90/ros2_ws/piper_robot/build/robot_description': CMAKE_PREFIX_PATH=${CMAKE_PREFIX_PATH}:/home/pawo90/ros2_ws/concepts/install/topics_py_pkg:/opt/ros/jazzy DEBUGINFOD_URLS=https://debuginfod.ubuntu.com /usr/bin/cmake --build /home/pawo90/ros2_ws/piper_robot/build/robot_description -- -j16 -l16
[0.874s] Invoked command in '/home/pawo90/ros2_ws/piper_robot/build/robot_description' returned '0': CMAKE_PREFIX_PATH=${CMAKE_PREFIX_PATH}:/home/pawo90/ros2_ws/concepts/install/topics_py_pkg:/opt/ros/jazzy DEBUGINFOD_URLS=https://debuginfod.ubuntu.com /usr/bin/cmake --build /home/pawo90/ros2_ws/piper_robot/build/robot_description -- -j16 -l16
[0.875s] Invoking command in '/home/pawo90/ros2_ws/piper_robot/build/robot_description': CMAKE_PREFIX_PATH=${CMAKE_PREFIX_PATH}:/home/pawo90/ros2_ws/concepts/install/topics_py_pkg:/opt/ros/jazzy DEBUGINFOD_URLS=https://debuginfod.ubuntu.com /usr/bin/cmake --install /home/pawo90/ros2_ws/piper_robot/build/robot_description
[0.881s] -- Install configuration: ""
[0.881s] -- Installing: /home/pawo90/ros2_ws/piper_robot/install/robot_description/share/robot_description//meshes
[0.881s] -- Installing: /home/pawo90/ros2_ws/piper_robot/install/robot_description/share/robot_description//meshes/arm_link6.STL
[0.882s] -- Installing: /home/pawo90/ros2_ws/piper_robot/install/robot_description/share/robot_description//meshes/arm_link4.STL
[0.886s] -- Installing: /home/pawo90/ros2_ws/piper_robot/install/robot_description/share/robot_description//meshes/arm_base_link.STL
[0.890s] -- Installing: /home/pawo90/ros2_ws/piper_robot/install/robot_description/share/robot_description//meshes/arm_link1.STL
[0.892s] -- Installing: /home/pawo90/ros2_ws/piper_robot/install/robot_description/share/robot_description//meshes/gripper_right_jaw_link.STL
[0.893s] -- Installing: /home/pawo90/ros2_ws/piper_robot/install/robot_description/share/robot_description//meshes/gripper_base.STL
[0.896s] -- Installing: /home/pawo90/ros2_ws/piper_robot/install/robot_description/share/robot_description//meshes/arm_link3.STL
[0.903s] -- Installing: /home/pawo90/ros2_ws/piper_robot/install/robot_description/share/robot_description//meshes/arm_link2.STL
[0.914s] -- Installing: /home/pawo90/ros2_ws/piper_robot/install/robot_description/share/robot_description//meshes/gripper_left_jaw_link.STL
[0.916s] -- Installing: /home/pawo90/ros2_ws/piper_robot/install/robot_description/share/robot_description//meshes/arm_link5.STL
[0.919s] -- Installing: /home/pawo90/ros2_ws/piper_robot/install/robot_description/share/robot_description//urdf
[0.920s] -- Installing: /home/pawo90/ros2_ws/piper_robot/install/robot_description/share/robot_description//urdf/arm.xacro
[0.920s] -- Installing: /home/pawo90/ros2_ws/piper_robot/install/robot_description/share/robot_description//urdf/_robot.urdf.xacro
[0.921s] -- Installing: /home/pawo90/ros2_ws/piper_robot/install/robot_description/share/robot_description//urdf/_common.xacro
[0.921s] -- Installing: /home/pawo90/ros2_ws/piper_robot/install/robot_description/share/robot_description//launch
[0.921s] -- Installing: /home/pawo90/ros2_ws/piper_robot/install/robot_description/share/robot_description//rviz
[0.921s] -- Installing: /home/pawo90/ros2_ws/piper_robot/install/robot_description/share/ament_index/resource_index/package_run_dependencies/robot_description
[0.921s] -- Installing: /home/pawo90/ros2_ws/piper_robot/install/robot_description/share/ament_index/resource_index/parent_prefix_path/robot_description
[0.921s] -- Installing: /home/pawo90/ros2_ws/piper_robot/install/robot_description/share/robot_description/environment/ament_prefix_path.sh
[0.921s] -- Installing: /home/pawo90/ros2_ws/piper_robot/install/robot_description/share/robot_description/environment/ament_prefix_path.dsv
[0.921s] -- Installing: /home/pawo90/ros2_ws/piper_robot/install/robot_description/share/robot_description/environment/path.sh
[0.921s] -- Installing: /home/pawo90/ros2_ws/piper_robot/install/robot_description/share/robot_description/environment/path.dsv
[0.921s] -- Installing: /home/pawo90/ros2_ws/piper_robot/install/robot_description/share/robot_description/local_setup.bash
[0.922s] -- Installing: /home/pawo90/ros2_ws/piper_robot/install/robot_description/share/robot_description/local_setup.sh
[0.922s] -- Installing: /home/pawo90/ros2_ws/piper_robot/install/robot_description/share/robot_description/local_setup.zsh
[0.922s] -- Installing: /home/pawo90/ros2_ws/piper_robot/install/robot_description/share/robot_description/local_setup.dsv
[0.922s] -- Installing: /home/pawo90/ros2_ws/piper_robot/install/robot_description/share/robot_description/package.dsv
[0.922s] -- Installing: /home/pawo90/ros2_ws/piper_robot/install/robot_description/share/ament_index/resource_index/packages/robot_description
[0.922s] -- Installing: /home/pawo90/ros2_ws/piper_robot/install/robot_description/share/robot_description/cmake/robot_descriptionConfig.cmake
[0.922s] -- Installing: /home/pawo90/ros2_ws/piper_robot/install/robot_description/share/robot_description/cmake/robot_descriptionConfig-version.cmake
[0.922s] -- Installing: /home/pawo90/ros2_ws/piper_robot/install/robot_description/share/robot_description/package.xml
[0.923s] Invoked command in '/home/pawo90/ros2_ws/piper_robot/build/robot_description' returned '0': CMAKE_PREFIX_PATH=${CMAKE_PREFIX_PATH}:/home/pawo90/ros2_ws/concepts/install/topics_py_pkg:/opt/ros/jazzy DEBUGINFOD_URLS=https://debuginfod.ubuntu.com /usr/bin/cmake --install /home/pawo90/ros2_ws/piper_robot/build/robot_description
